<?xml version="1.0" encoding="UTF-8"?>
<testsuite name="BullsCowsTest" tests="1" skipped="0" failures="1" errors="0" timestamp="2025-01-29T09:39:25" hostname="DESKTOP-5V9GP26" time="0.314">
  <properties/>
  <testcase name="start" classname="BullsCowsTest" time="0.314">
    <failure message="java.lang.AssertionError: Exception in test #7&#10;&#10;java.lang.RuntimeException: Error: Code length should be 1-36 symbols&#10;&#9;at bullscows.Main.main(Main.java:29)&#10;&#10;Please find below the output of your program during this failed test.&#10;Note that the '&gt;' character indicates the beginning of the input line.&#10;&#10;---&#10;&#10;Input the length of the secret code:&#10;&gt; 0&#10;Input the number of possible symbols in the code:&#10;&gt; 1&#10;Error: Code length should be 1-36 symbols" type="java.lang.AssertionError">java.lang.AssertionError: Exception in test #7

java.lang.RuntimeException: Error: Code length should be 1-36 symbols
	at bullscows.Main.main(Main.java:29)

Please find below the output of your program during this failed test.
Note that the '&gt;' character indicates the beginning of the input line.

---

Input the length of the secret code:
&gt; 0
Input the number of possible symbols in the code:
&gt; 1
Error: Code length should be 1-36 symbols
	at org.junit.Assert.fail(Assert.java:89)
	at org.hyperskill.hstest.stage.StageTest.start(StageTest.java:208)
	at java.base/jdk.internal.reflect.DirectMethodHandleAccessor.invoke(DirectMethodHandleAccessor.java:103)
	at java.base/java.lang.reflect.Method.invoke(Method.java:580)
	at org.junit.runners.model.FrameworkMethod$1.runReflectiveCall(FrameworkMethod.java:59)
	at org.junit.internal.runners.model.ReflectiveCallable.run(ReflectiveCallable.java:12)
	at org.junit.runners.model.FrameworkMethod.invokeExplosively(FrameworkMethod.java:56)
	at org.junit.internal.runners.statements.InvokeMethod.evaluate(InvokeMethod.java:17)
	at org.junit.runners.ParentRunner$3.evaluate(ParentRunner.java:306)
	at org.junit.runners.BlockJUnit4ClassRunner$1.evaluate(BlockJUnit4ClassRunner.java:100)
	at org.junit.runners.ParentRunner.runLeaf(ParentRunner.java:366)
	at org.junit.runners.BlockJUnit4ClassRunner.runChild(BlockJUnit4ClassRunner.java:103)
	at org.junit.runners.BlockJUnit4ClassRunner.runChild(BlockJUnit4ClassRunner.java:63)
	at org.junit.runners.ParentRunner$4.run(ParentRunner.java:331)
	at org.junit.runners.ParentRunner$1.schedule(ParentRunner.java:79)
	at org.junit.runners.ParentRunner.runChildren(ParentRunner.java:329)
	at org.junit.runners.ParentRunner.access$100(ParentRunner.java:66)
	at org.junit.runners.ParentRunner$2.evaluate(ParentRunner.java:293)
	at org.junit.runners.ParentRunner$3.evaluate(ParentRunner.java:306)
	at org.junit.runners.ParentRunner.run(ParentRunner.java:413)
	at org.gradle.api.internal.tasks.testing.junit.JUnitTestClassExecutor.runTestClass(JUnitTestClassExecutor.java:112)
	at org.gradle.api.internal.tasks.testing.junit.JUnitTestClassExecutor.execute(JUnitTestClassExecutor.java:58)
	at org.gradle.api.internal.tasks.testing.junit.JUnitTestClassExecutor.execute(JUnitTestClassExecutor.java:40)
	at org.gradle.api.internal.tasks.testing.junit.AbstractJUnitTestClassProcessor.processTestClass(AbstractJUnitTestClassProcessor.java:60)
	at org.gradle.api.internal.tasks.testing.SuiteTestClassProcessor.processTestClass(SuiteTestClassProcessor.java:52)
	at java.base/jdk.internal.reflect.DirectMethodHandleAccessor.invoke(DirectMethodHandleAccessor.java:103)
	at java.base/java.lang.reflect.Method.invoke(Method.java:580)
	at org.gradle.internal.dispatch.ReflectionDispatch.dispatch(ReflectionDispatch.java:36)
	at org.gradle.internal.dispatch.ReflectionDispatch.dispatch(ReflectionDispatch.java:24)
	at org.gradle.internal.dispatch.ContextClassLoaderDispatch.dispatch(ContextClassLoaderDispatch.java:33)
	at org.gradle.internal.dispatch.ProxyDispatchAdapter$DispatchingInvocationHandler.invoke(ProxyDispatchAdapter.java:94)
	at jdk.proxy1/jdk.proxy1.$Proxy2.processTestClass(Unknown Source)
	at org.gradle.api.internal.tasks.testing.worker.TestWorker$2.run(TestWorker.java:176)
	at org.gradle.api.internal.tasks.testing.worker.TestWorker.executeAndMaintainThreadName(TestWorker.java:129)
	at org.gradle.api.internal.tasks.testing.worker.TestWorker.execute(TestWorker.java:100)
	at org.gradle.api.internal.tasks.testing.worker.TestWorker.execute(TestWorker.java:60)
	at org.gradle.process.internal.worker.child.ActionExecutionWorker.execute(ActionExecutionWorker.java:56)
	at org.gradle.process.internal.worker.child.SystemApplicationClassLoaderWorker.call(SystemApplicationClassLoaderWorker.java:113)
	at org.gradle.process.internal.worker.child.SystemApplicationClassLoaderWorker.call(SystemApplicationClassLoaderWorker.java:65)
	at worker.org.gradle.process.internal.worker.GradleWorkerMain.run(GradleWorkerMain.java:69)
	at worker.org.gradle.process.internal.worker.GradleWorkerMain.main(GradleWorkerMain.java:74)
</failure>
  </testcase>
  <system-out><![CDATA[?[1;31m
Start test 1?[0m
Input the length of the secret code:
> 1
Input the number of possible symbols in the code:
> 10
The secret is prepared: * 0-9.
Okay, let's start a game!
Turn 1:
> 0
Grade: None.
Turn 2:
> 1
Grade: 1 bull(s).
Congratulations! You guessed the secret code.
?[1;31m
Start test 2?[0m
Input the length of the secret code:
> 4
Input the number of possible symbols in the code:
> 10
The secret is prepared: **** 0-9.
Okay, let's start a game!
Turn 1:
> 0000
Grade: None.
Turn 2:
> 1111
Grade: 1 bull(s) and 3 cow(s).
Turn 3:
> 2222
Grade: 1 bull(s) and 3 cow(s).
Turn 4:
> 3333
Grade: None.
Turn 5:
> 4444
Grade: 1 bull(s) and 3 cow(s).
Turn 6:
> 5555
Grade: None.
Turn 7:
> 6666
Grade: None.
Turn 8:
> 7777
Grade: None.
Turn 9:
> 8888
Grade: None.
Turn 10:
> 9999
Grade: 1 bull(s) and 3 cow(s).
Turn 11:
> 1249
Grade: 4 cow(s).
Turn 12:
> 2149
Grade: 4 cow(s).
Turn 13:
> 4129
Grade: 1 bull(s) and 3 cow(s).
Turn 14:
> 1429
Grade: 4 cow(s).
Turn 15:
> 2419
Grade: 1 bull(s) and 3 cow(s).
Turn 16:
> 4219
Grade: 2 bull(s) and 2 cow(s).
Turn 17:
> 9214
Grade: 1 bull(s) and 3 cow(s).
Turn 18:
> 2914
Grade: 2 bull(s) and 2 cow(s).
Turn 19:
> 1924
Grade: 1 bull(s) and 3 cow(s).
Turn 20:
> 9124
Grade: 4 cow(s).
Turn 21:
> 2194
Grade: 4 cow(s).
Turn 22:
> 1294
Grade: 4 cow(s).
Turn 23:
> 1492
Grade: 1 bull(s) and 3 cow(s).
Turn 24:
> 4192
Grade: 2 bull(s) and 2 cow(s).
Turn 25:
> 9142
Grade: 1 bull(s) and 3 cow(s).
Turn 26:
> 1942
Grade: 2 bull(s) and 2 cow(s).
Turn 27:
> 4912
Grade: 4 bull(s).
Congratulations! You guessed the secret code.
?[1;31m
Start test 3?[0m
Input the length of the secret code:
> 6
Input the number of possible symbols in the code:
> 10
The secret is prepared: ****** 0-9.
Okay, let's start a game!
Turn 1:
> 000000
Grade: None.
Turn 2:
> 111111
Grade: 1 bull(s) and 5 cow(s).
Turn 3:
> 222222
Grade: 1 bull(s) and 5 cow(s).
Turn 4:
> 333333
Grade: 1 bull(s) and 5 cow(s).
Turn 5:
> 444444
Grade: None.
Turn 6:
> 555555
Grade: None.
Turn 7:
> 666666
Grade: None.
Turn 8:
> 777777
Grade: 1 bull(s) and 5 cow(s).
Turn 9:
> 888888
Grade: 1 bull(s) and 5 cow(s).
Turn 10:
> 999999
Grade: 1 bull(s) and 5 cow(s).
Turn 11:
> 123789
Grade: 2 bull(s) and 4 cow(s).
Turn 12:
> 213789
Grade: 3 bull(s) and 3 cow(s).
Turn 13:
> 312789
Grade: 2 bull(s) and 4 cow(s).
Turn 14:
> 132789
Grade: 1 bull(s) and 5 cow(s).
Turn 15:
> 231789
Grade: 1 bull(s) and 5 cow(s).
Turn 16:
> 321789
Grade: 1 bull(s) and 5 cow(s).
Turn 17:
> 721389
Grade: 6 cow(s).
Turn 18:
> 271389
Grade: 6 cow(s).
Turn 19:
> 172389
Grade: 6 cow(s).
Turn 20:
> 712389
Grade: 1 bull(s) and 5 cow(s).
Turn 21:
> 217389
Grade: 1 bull(s) and 5 cow(s).
Turn 22:
> 127389
Grade: 6 cow(s).
Turn 23:
> 137289
Grade: 6 cow(s).
Turn 24:
> 317289
Grade: 1 bull(s) and 5 cow(s).
Turn 25:
> 713289
Grade: 2 bull(s) and 4 cow(s).
Turn 26:
> 173289
Grade: 1 bull(s) and 5 cow(s).
Turn 27:
> 371289
Grade: 6 cow(s).
Turn 28:
> 731289
Grade: 6 cow(s).
Turn 29:
> 732189
Grade: 6 cow(s).
Turn 30:
> 372189
Grade: 6 cow(s).
Turn 31:
> 273189
Grade: 1 bull(s) and 5 cow(s).
Turn 32:
> 723189
Grade: 1 bull(s) and 5 cow(s).
Turn 33:
> 327189
Grade: 6 cow(s).
Turn 34:
> 237189
Grade: 6 cow(s).
Turn 35:
> 837129
Grade: 1 bull(s) and 5 cow(s).
Turn 36:
> 387129
Grade: 1 bull(s) and 5 cow(s).
Turn 37:
> 783129
Grade: 2 bull(s) and 4 cow(s).
Turn 38:
> 873129
Grade: 2 bull(s) and 4 cow(s).
Turn 39:
> 378129
Grade: 1 bull(s) and 5 cow(s).
Turn 40:
> 738129
Grade: 1 bull(s) and 5 cow(s).
Turn 41:
> 138729
Grade: 2 bull(s) and 4 cow(s).
Turn 42:
> 318729
Grade: 3 bull(s) and 3 cow(s).
Turn 43:
> 813729
Grade: 4 bull(s) and 2 cow(s).
Turn 44:
> 183729
Grade: 3 bull(s) and 3 cow(s).
Turn 45:
> 381729
Grade: 2 bull(s) and 4 cow(s).
Turn 46:
> 831729
Grade: 2 bull(s) and 4 cow(s).
Turn 47:
> 871329
Grade: 1 bull(s) and 5 cow(s).
Turn 48:
> 781329
Grade: 1 bull(s) and 5 cow(s).
Turn 49:
> 187329
Grade: 1 bull(s) and 5 cow(s).
Turn 50:
> 817329
Grade: 2 bull(s) and 4 cow(s).
Turn 51:
> 718329
Grade: 2 bull(s) and 4 cow(s).
Turn 52:
> 178329
Grade: 1 bull(s) and 5 cow(s).
Turn 53:
> 173829
Grade: 2 bull(s) and 4 cow(s).
Turn 54:
> 713829
Grade: 3 bull(s) and 3 cow(s).
Turn 55:
> 317829
Grade: 2 bull(s) and 4 cow(s).
Turn 56:
> 137829
Grade: 1 bull(s) and 5 cow(s).
Turn 57:
> 731829
Grade: 1 bull(s) and 5 cow(s).
Turn 58:
> 371829
Grade: 1 bull(s) and 5 cow(s).
Turn 59:
> 271839
Grade: 6 cow(s).
Turn 60:
> 721839
Grade: 6 cow(s).
Turn 61:
> 127839
Grade: 6 cow(s).
Turn 62:
> 217839
Grade: 1 bull(s) and 5 cow(s).
Turn 63:
> 712839
Grade: 1 bull(s) and 5 cow(s).
Turn 64:
> 172839
Grade: 6 cow(s).
Turn 65:
> 872139
Grade: 6 cow(s).
Turn 66:
> 782139
Grade: 6 cow(s).
Turn 67:
> 287139
Grade: 6 cow(s).
Turn 68:
> 827139
Grade: 6 cow(s).
Turn 69:
> 728139
Grade: 6 cow(s).
Turn 70:
> 278139
Grade: 6 cow(s).
Turn 71:
> 218739
Grade: 2 bull(s) and 4 cow(s).
Turn 72:
> 128739
Grade: 1 bull(s) and 5 cow(s).
Turn 73:
> 821739
Grade: 1 bull(s) and 5 cow(s).
Turn 74:
> 281739
Grade: 1 bull(s) and 5 cow(s).
Turn 75:
> 182739
Grade: 1 bull(s) and 5 cow(s).
Turn 76:
> 812739
Grade: 2 bull(s) and 4 cow(s).
Turn 77:
> 817239
Grade: 1 bull(s) and 5 cow(s).
Turn 78:
> 187239
Grade: 6 cow(s).
Turn 79:
> 781239
Grade: 6 cow(s).
Turn 80:
> 871239
Grade: 6 cow(s).
Turn 81:
> 178239
Grade: 6 cow(s).
Turn 82:
> 718239
Grade: 1 bull(s) and 5 cow(s).
Turn 83:
> 318279
Grade: 1 bull(s) and 5 cow(s).
Turn 84:
> 138279
Grade: 6 cow(s).
Turn 85:
> 831279
Grade: 6 cow(s).
Turn 86:
> 381279
Grade: 6 cow(s).
Turn 87:
> 183279
Grade: 1 bull(s) and 5 cow(s).
Turn 88:
> 813279
Grade: 2 bull(s) and 4 cow(s).
Turn 89:
> 213879
Grade: 2 bull(s) and 4 cow(s).
Turn 90:
> 123879
Grade: 1 bull(s) and 5 cow(s).
Turn 91:
> 321879
Grade: 6 cow(s).
Turn 92:
> 231879
Grade: 6 cow(s).
Turn 93:
> 132879
Grade: 6 cow(s).
Turn 94:
> 312879
Grade: 1 bull(s) and 5 cow(s).
Turn 95:
> 382179
Grade: 6 cow(s).
Turn 96:
> 832179
Grade: 6 cow(s).
Turn 97:
> 238179
Grade: 6 cow(s).
Turn 98:
> 328179
Grade: 6 cow(s).
Turn 99:
> 823179
Grade: 1 bull(s) and 5 cow(s).
Turn 100:
> 283179
Grade: 1 bull(s) and 5 cow(s).
Turn 101:
> 281379
Grade: 6 cow(s).
Turn 102:
> 821379
Grade: 6 cow(s).
Turn 103:
> 128379
Grade: 6 cow(s).
Turn 104:
> 218379
Grade: 1 bull(s) and 5 cow(s).
Turn 105:
> 812379
Grade: 1 bull(s) and 5 cow(s).
Turn 106:
> 182379
Grade: 6 cow(s).
Turn 107:
> 782319
Grade: 6 cow(s).
Turn 108:
> 872319
Grade: 6 cow(s).
Turn 109:
> 278319
Grade: 6 cow(s).
Turn 110:
> 728319
Grade: 6 cow(s).
Turn 111:
> 827319
Grade: 6 cow(s).
Turn 112:
> 287319
Grade: 6 cow(s).
Turn 113:
> 387219
Grade: 6 cow(s).
Turn 114:
> 837219
Grade: 6 cow(s).
Turn 115:
> 738219
Grade: 6 cow(s).
Turn 116:
> 378219
Grade: 6 cow(s).
Turn 117:
> 873219
Grade: 1 bull(s) and 5 cow(s).
Turn 118:
> 783219
Grade: 1 bull(s) and 5 cow(s).
Turn 119:
> 723819
Grade: 1 bull(s) and 5 cow(s).
Turn 120:
> 273819
Grade: 1 bull(s) and 5 cow(s).
Turn 121:
> 372819
Grade: 6 cow(s).
Turn 122:
> 732819
Grade: 6 cow(s).
Turn 123:
> 237819
Grade: 6 cow(s).
Turn 124:
> 327819
Grade: 6 cow(s).
Turn 125:
> 328719
Grade: 1 bull(s) and 5 cow(s).
Turn 126:
> 238719
Grade: 1 bull(s) and 5 cow(s).
Turn 127:
> 832719
Grade: 1 bull(s) and 5 cow(s).
Turn 128:
> 382719
Grade: 1 bull(s) and 5 cow(s).
Turn 129:
> 283719
Grade: 2 bull(s) and 4 cow(s).
Turn 130:
> 823719
Grade: 2 bull(s) and 4 cow(s).
Turn 131:
> 923718
Grade: 4 bull(s) and 2 cow(s).
Turn 132:
> 293718
Grade: 3 bull(s) and 3 cow(s).
Turn 133:
> 392718
Grade: 2 bull(s) and 4 cow(s).
Turn 134:
> 932718
Grade: 3 bull(s) and 3 cow(s).
Turn 135:
> 239718
Grade: 2 bull(s) and 4 cow(s).
Turn 136:
> 329718
Grade: 2 bull(s) and 4 cow(s).
Turn 137:
> 729318
Grade: 1 bull(s) and 5 cow(s).
Turn 138:
> 279318
Grade: 1 bull(s) and 5 cow(s).
Turn 139:
> 972318
Grade: 2 bull(s) and 4 cow(s).
Turn 140:
> 792318
Grade: 1 bull(s) and 5 cow(s).
Turn 141:
> 297318
Grade: 1 bull(s) and 5 cow(s).
Turn 142:
> 927318
Grade: 2 bull(s) and 4 cow(s).
Turn 143:
> 937218
Grade: 2 bull(s) and 4 cow(s).
Turn 144:
> 397218
Grade: 1 bull(s) and 5 cow(s).
Turn 145:
> 793218
Grade: 2 bull(s) and 4 cow(s).
Turn 146:
> 973218
Grade: 3 bull(s) and 3 cow(s).
Turn 147:
> 379218
Grade: 1 bull(s) and 5 cow(s).
Turn 148:
> 739218
Grade: 1 bull(s) and 5 cow(s).
Turn 149:
> 732918
Grade: 1 bull(s) and 5 cow(s).
Turn 150:
> 372918
Grade: 1 bull(s) and 5 cow(s).
Turn 151:
> 273918
Grade: 2 bull(s) and 4 cow(s).
Turn 152:
> 723918
Grade: 2 bull(s) and 4 cow(s).
Turn 153:
> 327918
Grade: 1 bull(s) and 5 cow(s).
Turn 154:
> 237918
Grade: 1 bull(s) and 5 cow(s).
Turn 155:
> 137928
Grade: 2 bull(s) and 4 cow(s).
Turn 156:
> 317928
Grade: 3 bull(s) and 3 cow(s).
Turn 157:
> 713928
Grade: 4 bull(s) and 2 cow(s).
Turn 158:
> 173928
Grade: 3 bull(s) and 3 cow(s).
Turn 159:
> 371928
Grade: 2 bull(s) and 4 cow(s).
Turn 160:
> 731928
Grade: 2 bull(s) and 4 cow(s).
Turn 161:
> 931728
Grade: 4 bull(s) and 2 cow(s).
Turn 162:
> 391728
Grade: 3 bull(s) and 3 cow(s).
Turn 163:
> 193728
Grade: 4 bull(s) and 2 cow(s).
Turn 164:
> 913728
Grade: 6 bull(s).
Congratulations! You guessed the secret code.
?[1;31m
Start test 4?[0m
Input the length of the secret code:
> 11
Input the number of possible symbols in the code:
> 10
Error: it's not possible to generate a code with a length of 11 with 10 unique symbols.
Turn 1:
?[1;31m
Start test 5?[0m
Input the length of the secret code:
> 4
Input the number of possible symbols in the code:
> 16
The secret is prepared: **** 0-9,a-f).
Okay, let's start a game!
Turn 1:
> 0000
Grade: None.
Turn 2:
> 1111
Grade: None.
Turn 3:
> 2222
Grade: None.
Turn 4:
> 3333
Grade: None.
Turn 5:
> 4444
Grade: 1 bull(s) and 3 cow(s).
Turn 6:
> 5555
Grade: None.
Turn 7:
> 6666
Grade: 1 bull(s) and 3 cow(s).
Turn 8:
> 7777
Grade: 1 bull(s) and 3 cow(s).
Turn 9:
> 8888
Grade: None.
Turn 10:
> 9999
Grade: None.
Turn 11:
> aaaa
Grade: None.
Turn 12:
> bbbb
Grade: None.
Turn 13:
> cccc
Grade: None.
Turn 14:
> dddd
Grade: 1 bull(s) and 3 cow(s).
Turn 15:
> 467d
Grade: 1 bull(s) and 3 cow(s).
Turn 16:
> 647d
Grade: 2 bull(s) and 2 cow(s).
Turn 17:
> 746d
Grade: 1 bull(s) and 3 cow(s).
Turn 18:
> 476d
Grade: 2 bull(s) and 2 cow(s).
Turn 19:
> 674d
Grade: 4 bull(s).
Congratulations! You guessed the secret code.
?[1;31m
Start test 6?[0m
Input the length of the secret code:
> 6
Input the number of possible symbols in the code:
> 36
The secret is prepared: ****** 0-9,a-z).
Okay, let's start a game!
Turn 1:
> 000000
Grade: None.
Turn 2:
> 111111
Grade: None.
Turn 3:
> 222222
Grade: 1 bull(s) and 5 cow(s).
Turn 4:
> 333333
Grade: None.
Turn 5:
> 444444
Grade: None.
Turn 6:
> 555555
Grade: None.
Turn 7:
> 666666
Grade: None.
Turn 8:
> 777777
Grade: None.
Turn 9:
> 888888
Grade: None.
Turn 10:
> 999999
Grade: None.
Turn 11:
> aaaaaa
Grade: 1 bull(s) and 5 cow(s).
Turn 12:
> bbbbbb
Grade: None.
Turn 13:
> cccccc
Grade: None.
Turn 14:
> dddddd
Grade: None.
Turn 15:
> eeeeee
Grade: None.
Turn 16:
> ffffff
Grade: 1 bull(s) and 5 cow(s).
Turn 17:
> gggggg
Grade: None.
Turn 18:
> hhhhhh
Grade: None.
Turn 19:
> iiiiii
Grade: 1 bull(s) and 5 cow(s).
Turn 20:
> jjjjjj
Grade: None.
Turn 21:
> kkkkkk
Grade: 1 bull(s) and 5 cow(s).
Turn 22:
> llllll
Grade: None.
Turn 23:
> mmmmmm
Grade: None.
Turn 24:
> nnnnnn
Grade: None.
Turn 25:
> oooooo
Grade: None.
Turn 26:
> pppppp
Grade: None.
Turn 27:
> qqqqqq
Grade: None.
Turn 28:
> rrrrrr
Grade: None.
Turn 29:
> ssssss
Grade: None.
Turn 30:
> tttttt
Grade: None.
Turn 31:
> uuuuuu
Grade: None.
Turn 32:
> vvvvvv
Grade: None.
Turn 33:
> wwwwww
Grade: None.
Turn 34:
> xxxxxx
Grade: None.
Turn 35:
> yyyyyy
Grade: 1 bull(s) and 5 cow(s).
Turn 36:
> 2afiky
Grade: 6 cow(s).
Turn 37:
> a2fiky
Grade: 6 cow(s).
Turn 38:
> f2aiky
Grade: 1 bull(s) and 5 cow(s).
Turn 39:
> 2faiky
Grade: 6 cow(s).
Turn 40:
> af2iky
Grade: 6 cow(s).
Turn 41:
> fa2iky
Grade: 1 bull(s) and 5 cow(s).
Turn 42:
> ia2fky
Grade: 6 cow(s).
Turn 43:
> ai2fky
Grade: 6 cow(s).
Turn 44:
> 2iafky
Grade: 6 cow(s).
Turn 45:
> i2afky
Grade: 6 cow(s).
Turn 46:
> a2ifky
Grade: 6 cow(s).
Turn 47:
> 2aifky
Grade: 6 cow(s).
Turn 48:
> 2fiaky
Grade: 1 bull(s) and 5 cow(s).
Turn 49:
> f2iaky
Grade: 2 bull(s) and 4 cow(s).
Turn 50:
> i2faky
Grade: 1 bull(s) and 5 cow(s).
Turn 51:
> 2ifaky
Grade: 1 bull(s) and 5 cow(s).
Turn 52:
> fi2aky
Grade: 2 bull(s) and 4 cow(s).
Turn 53:
> if2aky
Grade: 1 bull(s) and 5 cow(s).
Turn 54:
> ifa2ky
Grade: 6 cow(s).
Turn 55:
> fia2ky
Grade: 1 bull(s) and 5 cow(s).
Turn 56:
> aif2ky
Grade: 6 cow(s).
Turn 57:
> iaf2ky
Grade: 6 cow(s).
Turn 58:
> fai2ky
Grade: 1 bull(s) and 5 cow(s).
Turn 59:
> afi2ky
Grade: 6 cow(s).
Turn 60:
> kfi2ay
Grade: 6 cow(s).
Turn 61:
> fki2ay
Grade: 1 bull(s) and 5 cow(s).
Turn 62:
> ikf2ay
Grade: 6 cow(s).
Turn 63:
> kif2ay
Grade: 6 cow(s).
Turn 64:
> fik2ay
Grade: 2 bull(s) and 4 cow(s).
Turn 65:
> ifk2ay
Grade: 1 bull(s) and 5 cow(s).
Turn 66:
> 2fkiay
Grade: 1 bull(s) and 5 cow(s).
Turn 67:
> f2kiay
Grade: 2 bull(s) and 4 cow(s).
Turn 68:
> k2fiay
Grade: 6 cow(s).
Turn 69:
> 2kfiay
Grade: 6 cow(s).
Turn 70:
> fk2iay
Grade: 1 bull(s) and 5 cow(s).
Turn 71:
> kf2iay
Grade: 6 cow(s).
Turn 72:
> ki2fay
Grade: 6 cow(s).
Turn 73:
> ik2fay
Grade: 6 cow(s).
Turn 74:
> 2kifay
Grade: 6 cow(s).
Turn 75:
> k2ifay
Grade: 6 cow(s).
Turn 76:
> i2kfay
Grade: 1 bull(s) and 5 cow(s).
Turn 77:
> 2ikfay
Grade: 1 bull(s) and 5 cow(s).
Turn 78:
> 2ifkay
Grade: 6 cow(s).
Turn 79:
> i2fkay
Grade: 6 cow(s).
Turn 80:
> f2ikay
Grade: 1 bull(s) and 5 cow(s).
Turn 81:
> 2fikay
Grade: 6 cow(s).
Turn 82:
> if2kay
Grade: 6 cow(s).
Turn 83:
> fi2kay
Grade: 1 bull(s) and 5 cow(s).
Turn 84:
> ai2kfy
Grade: 6 cow(s).
Turn 85:
> ia2kfy
Grade: 6 cow(s).
Turn 86:
> 2aikfy
Grade: 6 cow(s).
Turn 87:
> a2ikfy
Grade: 6 cow(s).
Turn 88:
> i2akfy
Grade: 6 cow(s).
Turn 89:
> 2iakfy
Grade: 6 cow(s).
Turn 90:
> kia2fy
Grade: 6 cow(s).
Turn 91:
> ika2fy
Grade: 6 cow(s).
Turn 92:
> aki2fy
Grade: 6 cow(s).
Turn 93:
> kai2fy
Grade: 6 cow(s).
Turn 94:
> iak2fy
Grade: 1 bull(s) and 5 cow(s).
Turn 95:
> aik2fy
Grade: 1 bull(s) and 5 cow(s).
Turn 96:
> a2kify
Grade: 1 bull(s) and 5 cow(s).
Turn 97:
> 2akify
Grade: 1 bull(s) and 5 cow(s).
Turn 98:
> ka2ify
Grade: 6 cow(s).
Turn 99:
> ak2ify
Grade: 6 cow(s).
Turn 100:
> 2kaify
Grade: 6 cow(s).
Turn 101:
> k2aify
Grade: 6 cow(s).
Turn 102:
> k2iafy
Grade: 1 bull(s) and 5 cow(s).
Turn 103:
> 2kiafy
Grade: 1 bull(s) and 5 cow(s).
Turn 104:
> ik2afy
Grade: 1 bull(s) and 5 cow(s).
Turn 105:
> ki2afy
Grade: 1 bull(s) and 5 cow(s).
Turn 106:
> 2ikafy
Grade: 2 bull(s) and 4 cow(s).
Turn 107:
> i2kafy
Grade: 2 bull(s) and 4 cow(s).
Turn 108:
> f2kaiy
Grade: 3 bull(s) and 3 cow(s).
Turn 109:
> 2fkaiy
Grade: 2 bull(s) and 4 cow(s).
Turn 110:
> kf2aiy
Grade: 1 bull(s) and 5 cow(s).
Turn 111:
> fk2aiy
Grade: 2 bull(s) and 4 cow(s).
Turn 112:
> 2kfaiy
Grade: 1 bull(s) and 5 cow(s).
Turn 113:
> k2faiy
Grade: 1 bull(s) and 5 cow(s).
Turn 114:
> a2fkiy
Grade: 6 cow(s).
Turn 115:
> 2afkiy
Grade: 6 cow(s).
Turn 116:
> fa2kiy
Grade: 1 bull(s) and 5 cow(s).
Turn 117:
> af2kiy
Grade: 6 cow(s).
Turn 118:
> 2fakiy
Grade: 6 cow(s).
Turn 119:
> f2akiy
Grade: 1 bull(s) and 5 cow(s).
Turn 120:
> fka2iy
Grade: 1 bull(s) and 5 cow(s).
Turn 121:
> kfa2iy
Grade: 6 cow(s).
Turn 122:
> afk2iy
Grade: 1 bull(s) and 5 cow(s).
Turn 123:
> fak2iy
Grade: 2 bull(s) and 4 cow(s).
Turn 124:
> kaf2iy
Grade: 6 cow(s).
Turn 125:
> akf2iy
Grade: 6 cow(s).
Turn 126:
> ak2fiy
Grade: 6 cow(s).
Turn 127:
> ka2fiy
Grade: 6 cow(s).
Turn 128:
> 2akfiy
Grade: 1 bull(s) and 5 cow(s).
Turn 129:
> a2kfiy
Grade: 1 bull(s) and 5 cow(s).
Turn 130:
> k2afiy
Grade: 6 cow(s).
Turn 131:
> 2kafiy
Grade: 6 cow(s).
Turn 132:
> ikaf2y
Grade: 1 bull(s) and 5 cow(s).
Turn 133:
> kiaf2y
Grade: 1 bull(s) and 5 cow(s).
Turn 134:
> aikf2y
Grade: 2 bull(s) and 4 cow(s).
Turn 135:
> iakf2y
Grade: 2 bull(s) and 4 cow(s).
Turn 136:
> kaif2y
Grade: 1 bull(s) and 5 cow(s).
Turn 137:
> akif2y
Grade: 1 bull(s) and 5 cow(s).
Turn 138:
> fkia2y
Grade: 3 bull(s) and 3 cow(s).
Turn 139:
> kfia2y
Grade: 2 bull(s) and 4 cow(s).
Turn 140:
> ifka2y
Grade: 3 bull(s) and 3 cow(s).
Turn 141:
> fika2y
Grade: 4 bull(s) and 2 cow(s).
Turn 142:
> kifa2y
Grade: 2 bull(s) and 4 cow(s).
Turn 143:
> ikfa2y
Grade: 2 bull(s) and 4 cow(s).
Turn 144:
> iafk2y
Grade: 1 bull(s) and 5 cow(s).
Turn 145:
> aifk2y
Grade: 1 bull(s) and 5 cow(s).
Turn 146:
> fiak2y
Grade: 2 bull(s) and 4 cow(s).
Turn 147:
> ifak2y
Grade: 1 bull(s) and 5 cow(s).
Turn 148:
> afik2y
Grade: 1 bull(s) and 5 cow(s).
Turn 149:
> faik2y
Grade: 2 bull(s) and 4 cow(s).
Turn 150:
> faki2y
Grade: 3 bull(s) and 3 cow(s).
Turn 151:
> afki2y
Grade: 2 bull(s) and 4 cow(s).
Turn 152:
> kfai2y
Grade: 1 bull(s) and 5 cow(s).
Turn 153:
> fkai2y
Grade: 2 bull(s) and 4 cow(s).
Turn 154:
> akfi2y
Grade: 1 bull(s) and 5 cow(s).
Turn 155:
> kafi2y
Grade: 1 bull(s) and 5 cow(s).
Turn 156:
> yafi2k
Grade: 1 bull(s) and 5 cow(s).
Turn 157:
> ayfi2k
Grade: 2 bull(s) and 4 cow(s).
Turn 158:
> fyai2k
Grade: 3 bull(s) and 3 cow(s).
Turn 159:
> yfai2k
Grade: 1 bull(s) and 5 cow(s).
Turn 160:
> afyi2k
Grade: 1 bull(s) and 5 cow(s).
Turn 161:
> fayi2k
Grade: 2 bull(s) and 4 cow(s).
Turn 162:
> iayf2k
Grade: 1 bull(s) and 5 cow(s).
Turn 163:
> aiyf2k
Grade: 1 bull(s) and 5 cow(s).
Turn 164:
> yiaf2k
Grade: 1 bull(s) and 5 cow(s).
Turn 165:
> iyaf2k
Grade: 2 bull(s) and 4 cow(s).
Turn 166:
> ayif2k
Grade: 2 bull(s) and 4 cow(s).
Turn 167:
> yaif2k
Grade: 1 bull(s) and 5 cow(s).
Turn 168:
> yfia2k
Grade: 2 bull(s) and 4 cow(s).
Turn 169:
> fyia2k
Grade: 4 bull(s) and 2 cow(s).
Turn 170:
> iyfa2k
Grade: 3 bull(s) and 3 cow(s).
Turn 171:
> yifa2k
Grade: 2 bull(s) and 4 cow(s).
Turn 172:
> fiya2k
Grade: 3 bull(s) and 3 cow(s).
Turn 173:
> ifya2k
Grade: 2 bull(s) and 4 cow(s).
Turn 174:
> ifay2k
Grade: 1 bull(s) and 5 cow(s).
Turn 175:
> fiay2k
Grade: 2 bull(s) and 4 cow(s).
Turn 176:
> aify2k
Grade: 1 bull(s) and 5 cow(s).
Turn 177:
> iafy2k
Grade: 1 bull(s) and 5 cow(s).
Turn 178:
> faiy2k
Grade: 2 bull(s) and 4 cow(s).
Turn 179:
> afiy2k
Grade: 1 bull(s) and 5 cow(s).
Turn 180:
> 2fiyak
Grade: 6 cow(s).
Turn 181:
> f2iyak
Grade: 1 bull(s) and 5 cow(s).
Turn 182:
> i2fyak
Grade: 6 cow(s).
Turn 183:
> 2ifyak
Grade: 6 cow(s).
Turn 184:
> fi2yak
Grade: 1 bull(s) and 5 cow(s).
Turn 185:
> if2yak
Grade: 6 cow(s).
Turn 186:
> yf2iak
Grade: 6 cow(s).
Turn 187:
> fy2iak
Grade: 2 bull(s) and 4 cow(s).
Turn 188:
> 2yfiak
Grade: 1 bull(s) and 5 cow(s).
Turn 189:
> y2fiak
Grade: 6 cow(s).
Turn 190:
> f2yiak
Grade: 1 bull(s) and 5 cow(s).
Turn 191:
> 2fyiak
Grade: 6 cow(s).
Turn 192:
> 2iyfak
Grade: 6 cow(s).
Turn 193:
> i2yfak
Grade: 6 cow(s).
Turn 194:
> y2ifak
Grade: 6 cow(s).
Turn 195:
> 2yifak
Grade: 1 bull(s) and 5 cow(s).
Turn 196:
> iy2fak
Grade: 1 bull(s) and 5 cow(s).
Turn 197:
> yi2fak
Grade: 6 cow(s).
Turn 198:
> yif2ak
Grade: 6 cow(s).
Turn 199:
> iyf2ak
Grade: 1 bull(s) and 5 cow(s).
Turn 200:
> fyi2ak
Grade: 2 bull(s) and 4 cow(s).
Turn 201:
> yfi2ak
Grade: 6 cow(s).
Turn 202:
> ify2ak
Grade: 6 cow(s).
Turn 203:
> fiy2ak
Grade: 1 bull(s) and 5 cow(s).
Turn 204:
> aiy2fk
Grade: 6 cow(s).
Turn 205:
> iay2fk
Grade: 6 cow(s).
Turn 206:
> yai2fk
Grade: 6 cow(s).
Turn 207:
> ayi2fk
Grade: 1 bull(s) and 5 cow(s).
Turn 208:
> iya2fk
Grade: 1 bull(s) and 5 cow(s).
Turn 209:
> yia2fk
Grade: 6 cow(s).
Turn 210:
> 2iayfk
Grade: 6 cow(s).
Turn 211:
> i2ayfk
Grade: 6 cow(s).
Turn 212:
> a2iyfk
Grade: 6 cow(s).
Turn 213:
> 2aiyfk
Grade: 6 cow(s).
Turn 214:
> ia2yfk
Grade: 6 cow(s).
Turn 215:
> ai2yfk
Grade: 6 cow(s).
Turn 216:
> ay2ifk
Grade: 1 bull(s) and 5 cow(s).
Turn 217:
> ya2ifk
Grade: 6 cow(s).
Turn 218:
> 2ayifk
Grade: 6 cow(s).
Turn 219:
> a2yifk
Grade: 6 cow(s).
Turn 220:
> y2aifk
Grade: 6 cow(s).
Turn 221:
> 2yaifk
Grade: 1 bull(s) and 5 cow(s).
Turn 222:
> 2yiafk
Grade: 2 bull(s) and 4 cow(s).
Turn 223:
> y2iafk
Grade: 1 bull(s) and 5 cow(s).
Turn 224:
> i2yafk
Grade: 1 bull(s) and 5 cow(s).
Turn 225:
> 2iyafk
Grade: 1 bull(s) and 5 cow(s).
Turn 226:
> yi2afk
Grade: 1 bull(s) and 5 cow(s).
Turn 227:
> iy2afk
Grade: 2 bull(s) and 4 cow(s).
Turn 228:
> fy2aik
Grade: 3 bull(s) and 3 cow(s).
Turn 229:
> yf2aik
Grade: 1 bull(s) and 5 cow(s).
Turn 230:
> 2fyaik
Grade: 1 bull(s) and 5 cow(s).
Turn 231:
> f2yaik
Grade: 2 bull(s) and 4 cow(s).
Turn 232:
> y2faik
Grade: 1 bull(s) and 5 cow(s).
Turn 233:
> 2yfaik
Grade: 2 bull(s) and 4 cow(s).
Turn 234:
> ayf2ik
Grade: 1 bull(s) and 5 cow(s).
Turn 235:
> yaf2ik
Grade: 6 cow(s).
Turn 236:
> fay2ik
Grade: 1 bull(s) and 5 cow(s).
Turn 237:
> afy2ik
Grade: 6 cow(s).
Turn 238:
> yfa2ik
Grade: 6 cow(s).
Turn 239:
> fya2ik
Grade: 2 bull(s) and 4 cow(s).
Turn 240:
> f2ayik
Grade: 1 bull(s) and 5 cow(s).
Turn 241:
> 2fayik
Grade: 6 cow(s).
Turn 242:
> af2yik
Grade: 6 cow(s).
Turn 243:
> fa2yik
Grade: 1 bull(s) and 5 cow(s).
Turn 244:
> 2afyik
Grade: 6 cow(s).
Turn 245:
> a2fyik
Grade: 6 cow(s).
Turn 246:
> a2yfik
Grade: 6 cow(s).
Turn 247:
> 2ayfik
Grade: 6 cow(s).
Turn 248:
> ya2fik
Grade: 6 cow(s).
Turn 249:
> ay2fik
Grade: 1 bull(s) and 5 cow(s).
Turn 250:
> 2yafik
Grade: 1 bull(s) and 5 cow(s).
Turn 251:
> y2afik
Grade: 6 cow(s).
Turn 252:
> i2afyk
Grade: 6 cow(s).
Turn 253:
> 2iafyk
Grade: 6 cow(s).
Turn 254:
> ai2fyk
Grade: 6 cow(s).
Turn 255:
> ia2fyk
Grade: 6 cow(s).
Turn 256:
> 2aifyk
Grade: 6 cow(s).
Turn 257:
> a2ifyk
Grade: 6 cow(s).
Turn 258:
> f2iayk
Grade: 2 bull(s) and 4 cow(s).
Turn 259:
> 2fiayk
Grade: 1 bull(s) and 5 cow(s).
Turn 260:
> if2ayk
Grade: 1 bull(s) and 5 cow(s).
Turn 261:
> fi2ayk
Grade: 2 bull(s) and 4 cow(s).
Turn 262:
> 2ifayk
Grade: 1 bull(s) and 5 cow(s).
Turn 263:
> i2fayk
Grade: 1 bull(s) and 5 cow(s).
Turn 264:
> iaf2yk
Grade: 6 cow(s).
Turn 265:
> aif2yk
Grade: 6 cow(s).
Turn 266:
> fia2yk
Grade: 1 bull(s) and 5 cow(s).
Turn 267:
> ifa2yk
Grade: 6 cow(s).
Turn 268:
> afi2yk
Grade: 6 cow(s).
Turn 269:
> fai2yk
Grade: 1 bull(s) and 5 cow(s).
Turn 270:
> fa2iyk
Grade: 1 bull(s) and 5 cow(s).
Turn 271:
> af2iyk
Grade: 6 cow(s).
Turn 272:
> 2faiyk
Grade: 6 cow(s).
Turn 273:
> f2aiyk
Grade: 1 bull(s) and 5 cow(s).
Turn 274:
> a2fiyk
Grade: 6 cow(s).
Turn 275:
> 2afiyk
Grade: 6 cow(s).
Turn 276:
> 2kfiya
Grade: 6 cow(s).
Turn 277:
> k2fiya
Grade: 6 cow(s).
Turn 278:
> f2kiya
Grade: 2 bull(s) and 4 cow(s).
Turn 279:
> 2fkiya
Grade: 1 bull(s) and 5 cow(s).
Turn 280:
> kf2iya
Grade: 6 cow(s).
Turn 281:
> fk2iya
Grade: 1 bull(s) and 5 cow(s).
Turn 282:
> ik2fya
Grade: 6 cow(s).
Turn 283:
> ki2fya
Grade: 6 cow(s).
Turn 284:
> 2ikfya
Grade: 1 bull(s) and 5 cow(s).
Turn 285:
> i2kfya
Grade: 1 bull(s) and 5 cow(s).
Turn 286:
> k2ifya
Grade: 6 cow(s).
Turn 287:
> 2kifya
Grade: 6 cow(s).
Turn 288:
> 2fikya
Grade: 6 cow(s).
Turn 289:
> f2ikya
Grade: 1 bull(s) and 5 cow(s).
Turn 290:
> i2fkya
Grade: 6 cow(s).
Turn 291:
> 2ifkya
Grade: 6 cow(s).
Turn 292:
> fi2kya
Grade: 1 bull(s) and 5 cow(s).
Turn 293:
> if2kya
Grade: 6 cow(s).
Turn 294:
> ifk2ya
Grade: 1 bull(s) and 5 cow(s).
Turn 295:
> fik2ya
Grade: 2 bull(s) and 4 cow(s).
Turn 296:
> kif2ya
Grade: 6 cow(s).
Turn 297:
> ikf2ya
Grade: 6 cow(s).
Turn 298:
> fki2ya
Grade: 1 bull(s) and 5 cow(s).
Turn 299:
> kfi2ya
Grade: 6 cow(s).
Turn 300:
> yfi2ka
Grade: 6 cow(s).
Turn 301:
> fyi2ka
Grade: 2 bull(s) and 4 cow(s).
Turn 302:
> iyf2ka
Grade: 1 bull(s) and 5 cow(s).
Turn 303:
> yif2ka
Grade: 6 cow(s).
Turn 304:
> fiy2ka
Grade: 1 bull(s) and 5 cow(s).
Turn 305:
> ify2ka
Grade: 6 cow(s).
Turn 306:
> 2fyika
Grade: 6 cow(s).
Turn 307:
> f2yika
Grade: 1 bull(s) and 5 cow(s).
Turn 308:
> y2fika
Grade: 6 cow(s).
Turn 309:
> 2yfika
Grade: 1 bull(s) and 5 cow(s).
Turn 310:
> fy2ika
Grade: 2 bull(s) and 4 cow(s).
Turn 311:
> yf2ika
Grade: 6 cow(s).
Turn 312:
> yi2fka
Grade: 6 cow(s).
Turn 313:
> iy2fka
Grade: 1 bull(s) and 5 cow(s).
Turn 314:
> 2yifka
Grade: 1 bull(s) and 5 cow(s).
Turn 315:
> y2ifka
Grade: 6 cow(s).
Turn 316:
> i2yfka
Grade: 6 cow(s).
Turn 317:
> 2iyfka
Grade: 6 cow(s).
Turn 318:
> 2ifyka
Grade: 6 cow(s).
Turn 319:
> i2fyka
Grade: 6 cow(s).
Turn 320:
> f2iyka
Grade: 1 bull(s) and 5 cow(s).
Turn 321:
> 2fiyka
Grade: 6 cow(s).
Turn 322:
> if2yka
Grade: 6 cow(s).
Turn 323:
> fi2yka
Grade: 1 bull(s) and 5 cow(s).
Turn 324:
> ki2yfa
Grade: 6 cow(s).
Turn 325:
> ik2yfa
Grade: 6 cow(s).
Turn 326:
> 2kiyfa
Grade: 6 cow(s).
Turn 327:
> k2iyfa
Grade: 6 cow(s).
Turn 328:
> i2kyfa
Grade: 1 bull(s) and 5 cow(s).
Turn 329:
> 2ikyfa
Grade: 1 bull(s) and 5 cow(s).
Turn 330:
> yik2fa
Grade: 1 bull(s) and 5 cow(s).
Turn 331:
> iyk2fa
Grade: 2 bull(s) and 4 cow(s).
Turn 332:
> kyi2fa
Grade: 1 bull(s) and 5 cow(s).
Turn 333:
> yki2fa
Grade: 6 cow(s).
Turn 334:
> iky2fa
Grade: 6 cow(s).
Turn 335:
> kiy2fa
Grade: 6 cow(s).
Turn 336:
> k2yifa
Grade: 6 cow(s).
Turn 337:
> 2kyifa
Grade: 6 cow(s).
Turn 338:
> yk2ifa
Grade: 6 cow(s).
Turn 339:
> ky2ifa
Grade: 1 bull(s) and 5 cow(s).
Turn 340:
> 2ykifa
Grade: 2 bull(s) and 4 cow(s).
Turn 341:
> y2kifa
Grade: 1 bull(s) and 5 cow(s).
Turn 342:
> y2ikfa
Grade: 6 cow(s).
Turn 343:
> 2yikfa
Grade: 1 bull(s) and 5 cow(s).
Turn 344:
> iy2kfa
Grade: 1 bull(s) and 5 cow(s).
Turn 345:
> yi2kfa
Grade: 6 cow(s).
Turn 346:
> 2iykfa
Grade: 6 cow(s).
Turn 347:
> i2ykfa
Grade: 6 cow(s).
Turn 348:
> f2ykia
Grade: 1 bull(s) and 5 cow(s).
Turn 349:
> 2fykia
Grade: 6 cow(s).
Turn 350:
> yf2kia
Grade: 6 cow(s).
Turn 351:
> fy2kia
Grade: 2 bull(s) and 4 cow(s).
Turn 352:
> 2yfkia
Grade: 1 bull(s) and 5 cow(s).
Turn 353:
> y2fkia
Grade: 6 cow(s).
Turn 354:
> k2fyia
Grade: 6 cow(s).
Turn 355:
> 2kfyia
Grade: 6 cow(s).
Turn 356:
> fk2yia
Grade: 1 bull(s) and 5 cow(s).
Turn 357:
> kf2yia
Grade: 6 cow(s).
Turn 358:
> 2fkyia
Grade: 1 bull(s) and 5 cow(s).
Turn 359:
> f2kyia
Grade: 2 bull(s) and 4 cow(s).
Turn 360:
> fyk2ia
Grade: 3 bull(s) and 3 cow(s).
Turn 361:
> yfk2ia
Grade: 1 bull(s) and 5 cow(s).
Turn 362:
> kfy2ia
Grade: 6 cow(s).
Turn 363:
> fky2ia
Grade: 1 bull(s) and 5 cow(s).
Turn 364:
> ykf2ia
Grade: 6 cow(s).
Turn 365:
> kyf2ia
Grade: 1 bull(s) and 5 cow(s).
Turn 366:
> ky2fia
Grade: 1 bull(s) and 5 cow(s).
Turn 367:
> yk2fia
Grade: 6 cow(s).
Turn 368:
> 2kyfia
Grade: 6 cow(s).
Turn 369:
> k2yfia
Grade: 6 cow(s).
Turn 370:
> y2kfia
Grade: 1 bull(s) and 5 cow(s).
Turn 371:
> 2ykfia
Grade: 2 bull(s) and 4 cow(s).
Turn 372:
> iykf2a
Grade: 3 bull(s) and 3 cow(s).
Turn 373:
> yikf2a
Grade: 2 bull(s) and 4 cow(s).
Turn 374:
> kiyf2a
Grade: 1 bull(s) and 5 cow(s).
Turn 375:
> ikyf2a
Grade: 1 bull(s) and 5 cow(s).
Turn 376:
> ykif2a
Grade: 1 bull(s) and 5 cow(s).
Turn 377:
> kyif2a
Grade: 2 bull(s) and 4 cow(s).
Turn 378:
> fyik2a
Grade: 3 bull(s) and 3 cow(s).
Turn 379:
> yfik2a
Grade: 1 bull(s) and 5 cow(s).
Turn 380:
> ifyk2a
Grade: 1 bull(s) and 5 cow(s).
Turn 381:
> fiyk2a
Grade: 2 bull(s) and 4 cow(s).
Turn 382:
> yifk2a
Grade: 1 bull(s) and 5 cow(s).
Turn 383:
> iyfk2a
Grade: 2 bull(s) and 4 cow(s).
Turn 384:
> ikfy2a
Grade: 1 bull(s) and 5 cow(s).
Turn 385:
> kify2a
Grade: 1 bull(s) and 5 cow(s).
Turn 386:
> fiky2a
Grade: 3 bull(s) and 3 cow(s).
Turn 387:
> ifky2a
Grade: 2 bull(s) and 4 cow(s).
Turn 388:
> kfiy2a
Grade: 1 bull(s) and 5 cow(s).
Turn 389:
> fkiy2a
Grade: 2 bull(s) and 4 cow(s).
Turn 390:
> fkyi2a
Grade: 2 bull(s) and 4 cow(s).
Turn 391:
> kfyi2a
Grade: 1 bull(s) and 5 cow(s).
Turn 392:
> yfki2a
Grade: 2 bull(s) and 4 cow(s).
Turn 393:
> fyki2a
Grade: 4 bull(s) and 2 cow(s).
Turn 394:
> kyfi2a
Grade: 2 bull(s) and 4 cow(s).
Turn 395:
> ykfi2a
Grade: 1 bull(s) and 5 cow(s).
Turn 396:
> ykai2f
Grade: 1 bull(s) and 5 cow(s).
Turn 397:
> kyai2f
Grade: 2 bull(s) and 4 cow(s).
Turn 398:
> ayki2f
Grade: 3 bull(s) and 3 cow(s).
Turn 399:
> yaki2f
Grade: 2 bull(s) and 4 cow(s).
Turn 400:
> kayi2f
Grade: 1 bull(s) and 5 cow(s).
Turn 401:
> akyi2f
Grade: 1 bull(s) and 5 cow(s).
Turn 402:
> ikya2f
Grade: 2 bull(s) and 4 cow(s).
Turn 403:
> kiya2f
Grade: 2 bull(s) and 4 cow(s).
Turn 404:
> yika2f
Grade: 3 bull(s) and 3 cow(s).
Turn 405:
> iyka2f
Grade: 4 bull(s) and 2 cow(s).
Turn 406:
> kyia2f
Grade: 3 bull(s) and 3 cow(s).
Turn 407:
> ykia2f
Grade: 2 bull(s) and 4 cow(s).
Turn 408:
> yaik2f
Grade: 1 bull(s) and 5 cow(s).
Turn 409:
> ayik2f
Grade: 2 bull(s) and 4 cow(s).
Turn 410:
> iyak2f
Grade: 2 bull(s) and 4 cow(s).
Turn 411:
> yiak2f
Grade: 1 bull(s) and 5 cow(s).
Turn 412:
> aiyk2f
Grade: 1 bull(s) and 5 cow(s).
Turn 413:
> iayk2f
Grade: 1 bull(s) and 5 cow(s).
Turn 414:
> iaky2f
Grade: 2 bull(s) and 4 cow(s).
Turn 415:
> aiky2f
Grade: 2 bull(s) and 4 cow(s).
Turn 416:
> kiay2f
Grade: 1 bull(s) and 5 cow(s).
Turn 417:
> ikay2f
Grade: 1 bull(s) and 5 cow(s).
Turn 418:
> akiy2f
Grade: 1 bull(s) and 5 cow(s).
Turn 419:
> kaiy2f
Grade: 1 bull(s) and 5 cow(s).
Turn 420:
> 2aiykf
Grade: 6 cow(s).
Turn 421:
> a2iykf
Grade: 6 cow(s).
Turn 422:
> i2aykf
Grade: 6 cow(s).
Turn 423:
> 2iaykf
Grade: 6 cow(s).
Turn 424:
> ai2ykf
Grade: 6 cow(s).
Turn 425:
> ia2ykf
Grade: 6 cow(s).
Turn 426:
> ya2ikf
Grade: 6 cow(s).
Turn 427:
> ay2ikf
Grade: 1 bull(s) and 5 cow(s).
Turn 428:
> 2yaikf
Grade: 1 bull(s) and 5 cow(s).
Turn 429:
> y2aikf
Grade: 6 cow(s).
Turn 430:
> a2yikf
Grade: 6 cow(s).
Turn 431:
> 2ayikf
Grade: 6 cow(s).
Turn 432:
> 2iyakf
Grade: 1 bull(s) and 5 cow(s).
Turn 433:
> i2yakf
Grade: 1 bull(s) and 5 cow(s).
Turn 434:
> y2iakf
Grade: 1 bull(s) and 5 cow(s).
Turn 435:
> 2yiakf
Grade: 2 bull(s) and 4 cow(s).
Turn 436:
> iy2akf
Grade: 2 bull(s) and 4 cow(s).
Turn 437:
> yi2akf
Grade: 1 bull(s) and 5 cow(s).
Turn 438:
> yia2kf
Grade: 6 cow(s).
Turn 439:
> iya2kf
Grade: 1 bull(s) and 5 cow(s).
Turn 440:
> ayi2kf
Grade: 1 bull(s) and 5 cow(s).
Turn 441:
> yai2kf
Grade: 6 cow(s).
Turn 442:
> iay2kf
Grade: 6 cow(s).
Turn 443:
> aiy2kf
Grade: 6 cow(s).
Turn 444:
> kiy2af
Grade: 6 cow(s).
Turn 445:
> iky2af
Grade: 6 cow(s).
Turn 446:
> yki2af
Grade: 6 cow(s).
Turn 447:
> kyi2af
Grade: 1 bull(s) and 5 cow(s).
Turn 448:
> iyk2af
Grade: 2 bull(s) and 4 cow(s).
Turn 449:
> yik2af
Grade: 1 bull(s) and 5 cow(s).
Turn 450:
> 2ikyaf
Grade: 1 bull(s) and 5 cow(s).
Turn 451:
> i2kyaf
Grade: 1 bull(s) and 5 cow(s).
Turn 452:
> k2iyaf
Grade: 6 cow(s).
Turn 453:
> 2kiyaf
Grade: 6 cow(s).
Turn 454:
> ik2yaf
Grade: 6 cow(s).
Turn 455:
> ki2yaf
Grade: 6 cow(s).
Turn 456:
> ky2iaf
Grade: 1 bull(s) and 5 cow(s).
Turn 457:
> yk2iaf
Grade: 6 cow(s).
Turn 458:
> 2kyiaf
Grade: 6 cow(s).
Turn 459:
> k2yiaf
Grade: 6 cow(s).
Turn 460:
> y2kiaf
Grade: 1 bull(s) and 5 cow(s).
Turn 461:
> 2ykiaf
Grade: 2 bull(s) and 4 cow(s).
Turn 462:
> 2yikaf
Grade: 1 bull(s) and 5 cow(s).
Turn 463:
> y2ikaf
Grade: 6 cow(s).
Turn 464:
> i2ykaf
Grade: 6 cow(s).
Turn 465:
> 2iykaf
Grade: 6 cow(s).
Turn 466:
> yi2kaf
Grade: 6 cow(s).
Turn 467:
> iy2kaf
Grade: 1 bull(s) and 5 cow(s).
Turn 468:
> ay2kif
Grade: 1 bull(s) and 5 cow(s).
Turn 469:
> ya2kif
Grade: 6 cow(s).
Turn 470:
> 2aykif
Grade: 6 cow(s).
Turn 471:
> a2ykif
Grade: 6 cow(s).
Turn 472:
> y2akif
Grade: 6 cow(s).
Turn 473:
> 2yakif
Grade: 1 bull(s) and 5 cow(s).
Turn 474:
> kya2if
Grade: 1 bull(s) and 5 cow(s).
Turn 475:
> yka2if
Grade: 6 cow(s).
Turn 476:
> aky2if
Grade: 6 cow(s).
Turn 477:
> kay2if
Grade: 6 cow(s).
Turn 478:
> yak2if
Grade: 1 bull(s) and 5 cow(s).
Turn 479:
> ayk2if
Grade: 2 bull(s) and 4 cow(s).
Turn 480:
> a2kyif
Grade: 1 bull(s) and 5 cow(s).
Turn 481:
> 2akyif
Grade: 1 bull(s) and 5 cow(s).
Turn 482:
> ka2yif
Grade: 6 cow(s).
Turn 483:
> ak2yif
Grade: 6 cow(s).
Turn 484:
> 2kayif
Grade: 6 cow(s).
Turn 485:
> k2ayif
Grade: 6 cow(s).
Turn 486:
> k2yaif
Grade: 1 bull(s) and 5 cow(s).
Turn 487:
> 2kyaif
Grade: 1 bull(s) and 5 cow(s).
Turn 488:
> yk2aif
Grade: 1 bull(s) and 5 cow(s).
Turn 489:
> ky2aif
Grade: 2 bull(s) and 4 cow(s).
Turn 490:
> 2ykaif
Grade: 3 bull(s) and 3 cow(s).
Turn 491:
> y2kaif
Grade: 2 bull(s) and 4 cow(s).
Turn 492:
> i2kayf
Grade: 2 bull(s) and 4 cow(s).
Turn 493:
> 2ikayf
Grade: 2 bull(s) and 4 cow(s).
Turn 494:
> ki2ayf
Grade: 1 bull(s) and 5 cow(s).
Turn 495:
> ik2ayf
Grade: 1 bull(s) and 5 cow(s).
Turn 496:
> 2kiayf
Grade: 1 bull(s) and 5 cow(s).
Turn 497:
> k2iayf
Grade: 1 bull(s) and 5 cow(s).
Turn 498:
> a2ikyf
Grade: 6 cow(s).
Turn 499:
> 2aikyf
Grade: 6 cow(s).
Turn 500:
> ia2kyf
Grade: 6 cow(s).
Turn 501:
> ai2kyf
Grade: 6 cow(s).
Turn 502:
> 2iakyf
Grade: 6 cow(s).
Turn 503:
> i2akyf
Grade: 6 cow(s).
Turn 504:
> ika2yf
Grade: 6 cow(s).
Turn 505:
> kia2yf
Grade: 6 cow(s).
Turn 506:
> aik2yf
Grade: 1 bull(s) and 5 cow(s).
Turn 507:
> iak2yf
Grade: 1 bull(s) and 5 cow(s).
Turn 508:
> kai2yf
Grade: 6 cow(s).
Turn 509:
> aki2yf
Grade: 6 cow(s).
Turn 510:
> ak2iyf
Grade: 6 cow(s).
Turn 511:
> ka2iyf
Grade: 6 cow(s).
Turn 512:
> 2akiyf
Grade: 1 bull(s) and 5 cow(s).
Turn 513:
> a2kiyf
Grade: 1 bull(s) and 5 cow(s).
Turn 514:
> k2aiyf
Grade: 6 cow(s).
Turn 515:
> 2kaiyf
Grade: 6 cow(s).
Turn 516:
> 2kafyi
Grade: 1 bull(s) and 5 cow(s).
Turn 517:
> k2afyi
Grade: 1 bull(s) and 5 cow(s).
Turn 518:
> a2kfyi
Grade: 2 bull(s) and 4 cow(s).
Turn 519:
> 2akfyi
Grade: 2 bull(s) and 4 cow(s).
Turn 520:
> ka2fyi
Grade: 1 bull(s) and 5 cow(s).
Turn 521:
> ak2fyi
Grade: 1 bull(s) and 5 cow(s).
Turn 522:
> fk2ayi
Grade: 3 bull(s) and 3 cow(s).
Turn 523:
> kf2ayi
Grade: 2 bull(s) and 4 cow(s).
Turn 524:
> 2fkayi
Grade: 3 bull(s) and 3 cow(s).
Turn 525:
> f2kayi
Grade: 4 bull(s) and 2 cow(s).
Turn 526:
> k2fayi
Grade: 2 bull(s) and 4 cow(s).
Turn 527:
> 2kfayi
Grade: 2 bull(s) and 4 cow(s).
Turn 528:
> 2afkyi
Grade: 1 bull(s) and 5 cow(s).
Turn 529:
> a2fkyi
Grade: 1 bull(s) and 5 cow(s).
Turn 530:
> f2akyi
Grade: 2 bull(s) and 4 cow(s).
Turn 531:
> 2fakyi
Grade: 1 bull(s) and 5 cow(s).
Turn 532:
> af2kyi
Grade: 1 bull(s) and 5 cow(s).
Turn 533:
> fa2kyi
Grade: 2 bull(s) and 4 cow(s).
Turn 534:
> fak2yi
Grade: 3 bull(s) and 3 cow(s).
Turn 535:
> afk2yi
Grade: 2 bull(s) and 4 cow(s).
Turn 536:
> kfa2yi
Grade: 1 bull(s) and 5 cow(s).
Turn 537:
> fka2yi
Grade: 2 bull(s) and 4 cow(s).
Turn 538:
> akf2yi
Grade: 1 bull(s) and 5 cow(s).
Turn 539:
> kaf2yi
Grade: 1 bull(s) and 5 cow(s).
Turn 540:
> yaf2ki
Grade: 1 bull(s) and 5 cow(s).
Turn 541:
> ayf2ki
Grade: 2 bull(s) and 4 cow(s).
Turn 542:
> fya2ki
Grade: 3 bull(s) and 3 cow(s).
Turn 543:
> yfa2ki
Grade: 1 bull(s) and 5 cow(s).
Turn 544:
> afy2ki
Grade: 1 bull(s) and 5 cow(s).
Turn 545:
> fay2ki
Grade: 2 bull(s) and 4 cow(s).
Turn 546:
> 2ayfki
Grade: 1 bull(s) and 5 cow(s).
Turn 547:
> a2yfki
Grade: 1 bull(s) and 5 cow(s).
Turn 548:
> y2afki
Grade: 1 bull(s) and 5 cow(s).
Turn 549:
> 2yafki
Grade: 2 bull(s) and 4 cow(s).
Turn 550:
> ay2fki
Grade: 2 bull(s) and 4 cow(s).
Turn 551:
> ya2fki
Grade: 1 bull(s) and 5 cow(s).
Turn 552:
> yf2aki
Grade: 2 bull(s) and 4 cow(s).
Turn 553:
> fy2aki
Grade: 4 bull(s) and 2 cow(s).
Turn 554:
> 2yfaki
Grade: 3 bull(s) and 3 cow(s).
Turn 555:
> y2faki
Grade: 2 bull(s) and 4 cow(s).
Turn 556:
> f2yaki
Grade: 3 bull(s) and 3 cow(s).
Turn 557:
> 2fyaki
Grade: 2 bull(s) and 4 cow(s).
Turn 558:
> 2fayki
Grade: 1 bull(s) and 5 cow(s).
Turn 559:
> f2ayki
Grade: 2 bull(s) and 4 cow(s).
Turn 560:
> a2fyki
Grade: 1 bull(s) and 5 cow(s).
Turn 561:
> 2afyki
Grade: 1 bull(s) and 5 cow(s).
Turn 562:
> fa2yki
Grade: 2 bull(s) and 4 cow(s).
Turn 563:
> af2yki
Grade: 1 bull(s) and 5 cow(s).
Turn 564:
> kf2yai
Grade: 1 bull(s) and 5 cow(s).
Turn 565:
> fk2yai
Grade: 2 bull(s) and 4 cow(s).
Turn 566:
> 2kfyai
Grade: 1 bull(s) and 5 cow(s).
Turn 567:
> k2fyai
Grade: 1 bull(s) and 5 cow(s).
Turn 568:
> f2kyai
Grade: 3 bull(s) and 3 cow(s).
Turn 569:
> 2fkyai
Grade: 2 bull(s) and 4 cow(s).
Turn 570:
> yfk2ai
Grade: 2 bull(s) and 4 cow(s).
Turn 571:
> fyk2ai
Grade: 4 bull(s) and 2 cow(s).
Turn 572:
> kyf2ai
Grade: 2 bull(s) and 4 cow(s).
Turn 573:
> ykf2ai
Grade: 1 bull(s) and 5 cow(s).
Turn 574:
> fky2ai
Grade: 2 bull(s) and 4 cow(s).
Turn 575:
> kfy2ai
Grade: 1 bull(s) and 5 cow(s).
Turn 576:
> k2yfai
Grade: 1 bull(s) and 5 cow(s).
Turn 577:
> 2kyfai
Grade: 1 bull(s) and 5 cow(s).
Turn 578:
> yk2fai
Grade: 1 bull(s) and 5 cow(s).
Turn 579:
> ky2fai
Grade: 2 bull(s) and 4 cow(s).
Turn 580:
> 2ykfai
Grade: 3 bull(s) and 3 cow(s).
Turn 581:
> y2kfai
Grade: 2 bull(s) and 4 cow(s).
Turn 582:
> y2fkai
Grade: 1 bull(s) and 5 cow(s).
Turn 583:
> 2yfkai
Grade: 2 bull(s) and 4 cow(s).
Turn 584:
> fy2kai
Grade: 3 bull(s) and 3 cow(s).
Turn 585:
> yf2kai
Grade: 1 bull(s) and 5 cow(s).
Turn 586:
> 2fykai
Grade: 1 bull(s) and 5 cow(s).
Turn 587:
> f2ykai
Grade: 2 bull(s) and 4 cow(s).
Turn 588:
> a2ykfi
Grade: 1 bull(s) and 5 cow(s).
Turn 589:
> 2aykfi
Grade: 1 bull(s) and 5 cow(s).
Turn 590:
> ya2kfi
Grade: 1 bull(s) and 5 cow(s).
Turn 591:
> ay2kfi
Grade: 2 bull(s) and 4 cow(s).
Turn 592:
> 2yakfi
Grade: 2 bull(s) and 4 cow(s).
Turn 593:
> y2akfi
Grade: 1 bull(s) and 5 cow(s).
Turn 594:
> k2ayfi
Grade: 1 bull(s) and 5 cow(s).
Turn 595:
> 2kayfi
Grade: 1 bull(s) and 5 cow(s).
Turn 596:
> ak2yfi
Grade: 1 bull(s) and 5 cow(s).
Turn 597:
> ka2yfi
Grade: 1 bull(s) and 5 cow(s).
Turn 598:
> 2akyfi
Grade: 2 bull(s) and 4 cow(s).
Turn 599:
> a2kyfi
Grade: 2 bull(s) and 4 cow(s).
Turn 600:
> ayk2fi
Grade: 3 bull(s) and 3 cow(s).
Turn 601:
> yak2fi
Grade: 2 bull(s) and 4 cow(s).
Turn 602:
> kay2fi
Grade: 1 bull(s) and 5 cow(s).
Turn 603:
> aky2fi
Grade: 1 bull(s) and 5 cow(s).
Turn 604:
> yka2fi
Grade: 1 bull(s) and 5 cow(s).
Turn 605:
> kya2fi
Grade: 2 bull(s) and 4 cow(s).
Turn 606:
> ky2afi
Grade: 3 bull(s) and 3 cow(s).
Turn 607:
> yk2afi
Grade: 2 bull(s) and 4 cow(s).
Turn 608:
> 2kyafi
Grade: 2 bull(s) and 4 cow(s).
Turn 609:
> k2yafi
Grade: 2 bull(s) and 4 cow(s).
Turn 610:
> y2kafi
Grade: 3 bull(s) and 3 cow(s).
Turn 611:
> 2ykafi
Grade: 4 bull(s) and 2 cow(s).
Turn 612:
> fyka2i
Grade: 6 bull(s).
Congratulations! You guessed the secret code.
?[1;31m
Start test 7?[0m
Input the length of the secret code:
> 0
Input the number of possible symbols in the code:
> 1
Error: Code length should be 1-36 symbols
]]></system-out>
  <system-err><![CDATA[]]></system-err>
</testsuite>
