<?xml version="1.0" encoding="UTF-8"?>
<testsuite name="BullsCowsTest" tests="1" skipped="0" failures="0" errors="0" timestamp="2025-01-28T10:15:53" hostname="DESKTOP-5V9GP26" time="0.246">
  <properties/>
  <testcase name="start" classname="BullsCowsTest" time="0.246"/>
  <system-out><![CDATA[?[1;31m
Start test 1?[0m
Please, enter the secret code's length:
> 1
Okay, let's start a game!
Turn 1:
> 0
Grade: None.
Turn 2:
> 1
Grade: None.
Turn 3:
> 2
Grade: None.
Turn 4:
> 3
Grade: None.
Turn 5:
> 4
Grade: None.
Turn 6:
> 5
Grade: None.
Turn 7:
> 6
Grade: None.
Turn 8:
> 7
Grade: 1 bull(s).
Congratulations! You guessed the secret code.
?[1;31m
Start test 2?[0m
Please, enter the secret code's length:
> 4
Okay, let's start a game!
Turn 1:
> 0000
Grade: None.
Turn 2:
> 1111
Grade: None.
Turn 3:
> 2222
Grade: None.
Turn 4:
> 3333
Grade: None.
Turn 5:
> 4444
Grade: 1 bull(s) and 3 cow(s).
Turn 6:
> 5555
Grade: None.
Turn 7:
> 6666
Grade: 1 bull(s) and 3 cow(s).
Turn 8:
> 7777
Grade: 1 bull(s) and 3 cow(s).
Turn 9:
> 8888
Grade: 1 bull(s) and 3 cow(s).
Turn 10:
> 4678
Grade: 4 cow(s).
Turn 11:
> 6478
Grade: 1 bull(s) and 3 cow(s).
Turn 12:
> 7468
Grade: 2 bull(s) and 2 cow(s).
Turn 13:
> 4768
Grade: 4 cow(s).
Turn 14:
> 6748
Grade: 4 cow(s).
Turn 15:
> 7648
Grade: 1 bull(s) and 3 cow(s).
Turn 16:
> 8647
Grade: 4 cow(s).
Turn 17:
> 6847
Grade: 4 cow(s).
Turn 18:
> 4867
Grade: 4 cow(s).
Turn 19:
> 8467
Grade: 1 bull(s) and 3 cow(s).
Turn 20:
> 6487
Grade: 2 bull(s) and 2 cow(s).
Turn 21:
> 4687
Grade: 1 bull(s) and 3 cow(s).
Turn 22:
> 4786
Grade: 2 bull(s) and 2 cow(s).
Turn 23:
> 7486
Grade: 4 bull(s).
Congratulations! You guessed the secret code.
?[1;31m
Start test 3?[0m
Please, enter the secret code's length:
> 6
Okay, let's start a game!
Turn 1:
> 000000
Grade: 1 bull(s) and 5 cow(s).
Turn 2:
> 111111
Grade: None.
Turn 3:
> 222222
Grade: None.
Turn 4:
> 333333
Grade: 1 bull(s) and 5 cow(s).
Turn 5:
> 444444
Grade: 1 bull(s) and 5 cow(s).
Turn 6:
> 555555
Grade: None.
Turn 7:
> 666666
Grade: 1 bull(s) and 5 cow(s).
Turn 8:
> 777777
Grade: None.
Turn 9:
> 888888
Grade: 1 bull(s) and 5 cow(s).
Turn 10:
> 999999
Grade: 1 bull(s) and 5 cow(s).
Turn 11:
> 034689
Grade: 6 cow(s).
Turn 12:
> 304689
Grade: 6 cow(s).
Turn 13:
> 403689
Grade: 1 bull(s) and 5 cow(s).
Turn 14:
> 043689
Grade: 2 bull(s) and 4 cow(s).
Turn 15:
> 340689
Grade: 1 bull(s) and 5 cow(s).
Turn 16:
> 430689
Grade: 6 cow(s).
Turn 17:
> 630489
Grade: 6 cow(s).
Turn 18:
> 360489
Grade: 6 cow(s).
Turn 19:
> 063489
Grade: 1 bull(s) and 5 cow(s).
Turn 20:
> 603489
Grade: 1 bull(s) and 5 cow(s).
Turn 21:
> 306489
Grade: 6 cow(s).
Turn 22:
> 036489
Grade: 6 cow(s).
Turn 23:
> 046389
Grade: 1 bull(s) and 5 cow(s).
Turn 24:
> 406389
Grade: 6 cow(s).
Turn 25:
> 604389
Grade: 6 cow(s).
Turn 26:
> 064389
Grade: 6 cow(s).
Turn 27:
> 460389
Grade: 6 cow(s).
Turn 28:
> 640389
Grade: 1 bull(s) and 5 cow(s).
Turn 29:
> 643089
Grade: 2 bull(s) and 4 cow(s).
Turn 30:
> 463089
Grade: 1 bull(s) and 5 cow(s).
Turn 31:
> 364089
Grade: 6 cow(s).
Turn 32:
> 634089
Grade: 6 cow(s).
Turn 33:
> 436089
Grade: 6 cow(s).
Turn 34:
> 346089
Grade: 1 bull(s) and 5 cow(s).
Turn 35:
> 846039
Grade: 1 bull(s) and 5 cow(s).
Turn 36:
> 486039
Grade: 6 cow(s).
Turn 37:
> 684039
Grade: 6 cow(s).
Turn 38:
> 864039
Grade: 6 cow(s).
Turn 39:
> 468039
Grade: 6 cow(s).
Turn 40:
> 648039
Grade: 1 bull(s) and 5 cow(s).
Turn 41:
> 048639
Grade: 1 bull(s) and 5 cow(s).
Turn 42:
> 408639
Grade: 6 cow(s).
Turn 43:
> 804639
Grade: 6 cow(s).
Turn 44:
> 084639
Grade: 6 cow(s).
Turn 45:
> 480639
Grade: 6 cow(s).
Turn 46:
> 840639
Grade: 1 bull(s) and 5 cow(s).
Turn 47:
> 860439
Grade: 6 cow(s).
Turn 48:
> 680439
Grade: 6 cow(s).
Turn 49:
> 086439
Grade: 6 cow(s).
Turn 50:
> 806439
Grade: 6 cow(s).
Turn 51:
> 608439
Grade: 6 cow(s).
Turn 52:
> 068439
Grade: 6 cow(s).
Turn 53:
> 064839
Grade: 1 bull(s) and 5 cow(s).
Turn 54:
> 604839
Grade: 1 bull(s) and 5 cow(s).
Turn 55:
> 406839
Grade: 1 bull(s) and 5 cow(s).
Turn 56:
> 046839
Grade: 2 bull(s) and 4 cow(s).
Turn 57:
> 640839
Grade: 2 bull(s) and 4 cow(s).
Turn 58:
> 460839
Grade: 1 bull(s) and 5 cow(s).
Turn 59:
> 360849
Grade: 1 bull(s) and 5 cow(s).
Turn 60:
> 630849
Grade: 1 bull(s) and 5 cow(s).
Turn 61:
> 036849
Grade: 1 bull(s) and 5 cow(s).
Turn 62:
> 306849
Grade: 1 bull(s) and 5 cow(s).
Turn 63:
> 603849
Grade: 2 bull(s) and 4 cow(s).
Turn 64:
> 063849
Grade: 2 bull(s) and 4 cow(s).
Turn 65:
> 863049
Grade: 1 bull(s) and 5 cow(s).
Turn 66:
> 683049
Grade: 1 bull(s) and 5 cow(s).
Turn 67:
> 386049
Grade: 6 cow(s).
Turn 68:
> 836049
Grade: 6 cow(s).
Turn 69:
> 638049
Grade: 6 cow(s).
Turn 70:
> 368049
Grade: 6 cow(s).
Turn 71:
> 308649
Grade: 6 cow(s).
Turn 72:
> 038649
Grade: 6 cow(s).
Turn 73:
> 830649
Grade: 6 cow(s).
Turn 74:
> 380649
Grade: 6 cow(s).
Turn 75:
> 083649
Grade: 1 bull(s) and 5 cow(s).
Turn 76:
> 803649
Grade: 1 bull(s) and 5 cow(s).
Turn 77:
> 806349
Grade: 6 cow(s).
Turn 78:
> 086349
Grade: 6 cow(s).
Turn 79:
> 680349
Grade: 6 cow(s).
Turn 80:
> 860349
Grade: 6 cow(s).
Turn 81:
> 068349
Grade: 6 cow(s).
Turn 82:
> 608349
Grade: 6 cow(s).
Turn 83:
> 408369
Grade: 1 bull(s) and 5 cow(s).
Turn 84:
> 048369
Grade: 2 bull(s) and 4 cow(s).
Turn 85:
> 840369
Grade: 2 bull(s) and 4 cow(s).
Turn 86:
> 480369
Grade: 1 bull(s) and 5 cow(s).
Turn 87:
> 084369
Grade: 1 bull(s) and 5 cow(s).
Turn 88:
> 804369
Grade: 1 bull(s) and 5 cow(s).
Turn 89:
> 304869
Grade: 2 bull(s) and 4 cow(s).
Turn 90:
> 034869
Grade: 2 bull(s) and 4 cow(s).
Turn 91:
> 430869
Grade: 2 bull(s) and 4 cow(s).
Turn 92:
> 340869
Grade: 3 bull(s) and 3 cow(s).
Turn 93:
> 043869
Grade: 4 bull(s) and 2 cow(s).
Turn 94:
> 403869
Grade: 3 bull(s) and 3 cow(s).
Turn 95:
> 483069
Grade: 2 bull(s) and 4 cow(s).
Turn 96:
> 843069
Grade: 3 bull(s) and 3 cow(s).
Turn 97:
> 348069
Grade: 2 bull(s) and 4 cow(s).
Turn 98:
> 438069
Grade: 1 bull(s) and 5 cow(s).
Turn 99:
> 834069
Grade: 1 bull(s) and 5 cow(s).
Turn 100:
> 384069
Grade: 1 bull(s) and 5 cow(s).
Turn 101:
> 380469
Grade: 1 bull(s) and 5 cow(s).
Turn 102:
> 830469
Grade: 1 bull(s) and 5 cow(s).
Turn 103:
> 038469
Grade: 1 bull(s) and 5 cow(s).
Turn 104:
> 308469
Grade: 1 bull(s) and 5 cow(s).
Turn 105:
> 803469
Grade: 2 bull(s) and 4 cow(s).
Turn 106:
> 083469
Grade: 2 bull(s) and 4 cow(s).
Turn 107:
> 683409
Grade: 1 bull(s) and 5 cow(s).
Turn 108:
> 863409
Grade: 1 bull(s) and 5 cow(s).
Turn 109:
> 368409
Grade: 6 cow(s).
Turn 110:
> 638409
Grade: 6 cow(s).
Turn 111:
> 836409
Grade: 6 cow(s).
Turn 112:
> 386409
Grade: 6 cow(s).
Turn 113:
> 486309
Grade: 6 cow(s).
Turn 114:
> 846309
Grade: 1 bull(s) and 5 cow(s).
Turn 115:
> 648309
Grade: 1 bull(s) and 5 cow(s).
Turn 116:
> 468309
Grade: 6 cow(s).
Turn 117:
> 864309
Grade: 6 cow(s).
Turn 118:
> 684309
Grade: 6 cow(s).
Turn 119:
> 634809
Grade: 1 bull(s) and 5 cow(s).
Turn 120:
> 364809
Grade: 1 bull(s) and 5 cow(s).
Turn 121:
> 463809
Grade: 2 bull(s) and 4 cow(s).
Turn 122:
> 643809
Grade: 3 bull(s) and 3 cow(s).
Turn 123:
> 346809
Grade: 2 bull(s) and 4 cow(s).
Turn 124:
> 436809
Grade: 1 bull(s) and 5 cow(s).
Turn 125:
> 438609
Grade: 6 cow(s).
Turn 126:
> 348609
Grade: 1 bull(s) and 5 cow(s).
Turn 127:
> 843609
Grade: 2 bull(s) and 4 cow(s).
Turn 128:
> 483609
Grade: 1 bull(s) and 5 cow(s).
Turn 129:
> 384609
Grade: 6 cow(s).
Turn 130:
> 834609
Grade: 6 cow(s).
Turn 131:
> 934608
Grade: 1 bull(s) and 5 cow(s).
Turn 132:
> 394608
Grade: 6 cow(s).
Turn 133:
> 493608
Grade: 1 bull(s) and 5 cow(s).
Turn 134:
> 943608
Grade: 3 bull(s) and 3 cow(s).
Turn 135:
> 349608
Grade: 1 bull(s) and 5 cow(s).
Turn 136:
> 439608
Grade: 6 cow(s).
Turn 137:
> 639408
Grade: 6 cow(s).
Turn 138:
> 369408
Grade: 6 cow(s).
Turn 139:
> 963408
Grade: 2 bull(s) and 4 cow(s).
Turn 140:
> 693408
Grade: 1 bull(s) and 5 cow(s).
Turn 141:
> 396408
Grade: 6 cow(s).
Turn 142:
> 936408
Grade: 1 bull(s) and 5 cow(s).
Turn 143:
> 946308
Grade: 2 bull(s) and 4 cow(s).
Turn 144:
> 496308
Grade: 6 cow(s).
Turn 145:
> 694308
Grade: 6 cow(s).
Turn 146:
> 964308
Grade: 1 bull(s) and 5 cow(s).
Turn 147:
> 469308
Grade: 6 cow(s).
Turn 148:
> 649308
Grade: 1 bull(s) and 5 cow(s).
Turn 149:
> 643908
Grade: 2 bull(s) and 4 cow(s).
Turn 150:
> 463908
Grade: 1 bull(s) and 5 cow(s).
Turn 151:
> 364908
Grade: 6 cow(s).
Turn 152:
> 634908
Grade: 6 cow(s).
Turn 153:
> 436908
Grade: 6 cow(s).
Turn 154:
> 346908
Grade: 1 bull(s) and 5 cow(s).
Turn 155:
> 046938
Grade: 1 bull(s) and 5 cow(s).
Turn 156:
> 406938
Grade: 6 cow(s).
Turn 157:
> 604938
Grade: 6 cow(s).
Turn 158:
> 064938
Grade: 6 cow(s).
Turn 159:
> 460938
Grade: 6 cow(s).
Turn 160:
> 640938
Grade: 1 bull(s) and 5 cow(s).
Turn 161:
> 940638
Grade: 2 bull(s) and 4 cow(s).
Turn 162:
> 490638
Grade: 6 cow(s).
Turn 163:
> 094638
Grade: 6 cow(s).
Turn 164:
> 904638
Grade: 1 bull(s) and 5 cow(s).
Turn 165:
> 409638
Grade: 6 cow(s).
Turn 166:
> 049638
Grade: 1 bull(s) and 5 cow(s).
Turn 167:
> 069438
Grade: 6 cow(s).
Turn 168:
> 609438
Grade: 6 cow(s).
Turn 169:
> 906438
Grade: 1 bull(s) and 5 cow(s).
Turn 170:
> 096438
Grade: 6 cow(s).
Turn 171:
> 690438
Grade: 6 cow(s).
Turn 172:
> 960438
Grade: 1 bull(s) and 5 cow(s).
Turn 173:
> 964038
Grade: 1 bull(s) and 5 cow(s).
Turn 174:
> 694038
Grade: 6 cow(s).
Turn 175:
> 496038
Grade: 6 cow(s).
Turn 176:
> 946038
Grade: 2 bull(s) and 4 cow(s).
Turn 177:
> 649038
Grade: 1 bull(s) and 5 cow(s).
Turn 178:
> 469038
Grade: 6 cow(s).
Turn 179:
> 369048
Grade: 6 cow(s).
Turn 180:
> 639048
Grade: 6 cow(s).
Turn 181:
> 936048
Grade: 1 bull(s) and 5 cow(s).
Turn 182:
> 396048
Grade: 6 cow(s).
Turn 183:
> 693048
Grade: 1 bull(s) and 5 cow(s).
Turn 184:
> 963048
Grade: 2 bull(s) and 4 cow(s).
Turn 185:
> 063948
Grade: 1 bull(s) and 5 cow(s).
Turn 186:
> 603948
Grade: 1 bull(s) and 5 cow(s).
Turn 187:
> 306948
Grade: 6 cow(s).
Turn 188:
> 036948
Grade: 6 cow(s).
Turn 189:
> 630948
Grade: 6 cow(s).
Turn 190:
> 360948
Grade: 6 cow(s).
Turn 191:
> 390648
Grade: 6 cow(s).
Turn 192:
> 930648
Grade: 1 bull(s) and 5 cow(s).
Turn 193:
> 039648
Grade: 6 cow(s).
Turn 194:
> 309648
Grade: 6 cow(s).
Turn 195:
> 903648
Grade: 2 bull(s) and 4 cow(s).
Turn 196:
> 093648
Grade: 1 bull(s) and 5 cow(s).
Turn 197:
> 096348
Grade: 6 cow(s).
Turn 198:
> 906348
Grade: 1 bull(s) and 5 cow(s).
Turn 199:
> 609348
Grade: 6 cow(s).
Turn 200:
> 069348
Grade: 6 cow(s).
Turn 201:
> 960348
Grade: 1 bull(s) and 5 cow(s).
Turn 202:
> 690348
Grade: 6 cow(s).
Turn 203:
> 490368
Grade: 1 bull(s) and 5 cow(s).
Turn 204:
> 940368
Grade: 3 bull(s) and 3 cow(s).
Turn 205:
> 049368
Grade: 2 bull(s) and 4 cow(s).
Turn 206:
> 409368
Grade: 1 bull(s) and 5 cow(s).
Turn 207:
> 904368
Grade: 2 bull(s) and 4 cow(s).
Turn 208:
> 094368
Grade: 1 bull(s) and 5 cow(s).
Turn 209:
> 394068
Grade: 1 bull(s) and 5 cow(s).
Turn 210:
> 934068
Grade: 2 bull(s) and 4 cow(s).
Turn 211:
> 439068
Grade: 1 bull(s) and 5 cow(s).
Turn 212:
> 349068
Grade: 2 bull(s) and 4 cow(s).
Turn 213:
> 943068
Grade: 4 bull(s) and 2 cow(s).
Turn 214:
> 493068
Grade: 2 bull(s) and 4 cow(s).
Turn 215:
> 403968
Grade: 2 bull(s) and 4 cow(s).
Turn 216:
> 043968
Grade: 3 bull(s) and 3 cow(s).
Turn 217:
> 340968
Grade: 2 bull(s) and 4 cow(s).
Turn 218:
> 430968
Grade: 1 bull(s) and 5 cow(s).
Turn 219:
> 034968
Grade: 1 bull(s) and 5 cow(s).
Turn 220:
> 304968
Grade: 1 bull(s) and 5 cow(s).
Turn 221:
> 309468
Grade: 1 bull(s) and 5 cow(s).
Turn 222:
> 039468
Grade: 1 bull(s) and 5 cow(s).
Turn 223:
> 930468
Grade: 2 bull(s) and 4 cow(s).
Turn 224:
> 390468
Grade: 1 bull(s) and 5 cow(s).
Turn 225:
> 093468
Grade: 2 bull(s) and 4 cow(s).
Turn 226:
> 903468
Grade: 3 bull(s) and 3 cow(s).
Turn 227:
> 603498
Grade: 1 bull(s) and 5 cow(s).
Turn 228:
> 063498
Grade: 1 bull(s) and 5 cow(s).
Turn 229:
> 360498
Grade: 6 cow(s).
Turn 230:
> 630498
Grade: 6 cow(s).
Turn 231:
> 036498
Grade: 6 cow(s).
Turn 232:
> 306498
Grade: 6 cow(s).
Turn 233:
> 406398
Grade: 6 cow(s).
Turn 234:
> 046398
Grade: 1 bull(s) and 5 cow(s).
Turn 235:
> 640398
Grade: 1 bull(s) and 5 cow(s).
Turn 236:
> 460398
Grade: 6 cow(s).
Turn 237:
> 064398
Grade: 6 cow(s).
Turn 238:
> 604398
Grade: 6 cow(s).
Turn 239:
> 634098
Grade: 6 cow(s).
Turn 240:
> 364098
Grade: 6 cow(s).
Turn 241:
> 463098
Grade: 1 bull(s) and 5 cow(s).
Turn 242:
> 643098
Grade: 2 bull(s) and 4 cow(s).
Turn 243:
> 346098
Grade: 1 bull(s) and 5 cow(s).
Turn 244:
> 436098
Grade: 6 cow(s).
Turn 245:
> 430698
Grade: 6 cow(s).
Turn 246:
> 340698
Grade: 1 bull(s) and 5 cow(s).
Turn 247:
> 043698
Grade: 2 bull(s) and 4 cow(s).
Turn 248:
> 403698
Grade: 1 bull(s) and 5 cow(s).
Turn 249:
> 304698
Grade: 6 cow(s).
Turn 250:
> 034698
Grade: 6 cow(s).
Turn 251:
> 084693
Grade: 6 cow(s).
Turn 252:
> 804693
Grade: 6 cow(s).
Turn 253:
> 408693
Grade: 6 cow(s).
Turn 254:
> 048693
Grade: 1 bull(s) and 5 cow(s).
Turn 255:
> 840693
Grade: 1 bull(s) and 5 cow(s).
Turn 256:
> 480693
Grade: 6 cow(s).
Turn 257:
> 680493
Grade: 6 cow(s).
Turn 258:
> 860493
Grade: 6 cow(s).
Turn 259:
> 068493
Grade: 6 cow(s).
Turn 260:
> 608493
Grade: 6 cow(s).
Turn 261:
> 806493
Grade: 6 cow(s).
Turn 262:
> 086493
Grade: 6 cow(s).
Turn 263:
> 046893
Grade: 2 bull(s) and 4 cow(s).
Turn 264:
> 406893
Grade: 1 bull(s) and 5 cow(s).
Turn 265:
> 604893
Grade: 1 bull(s) and 5 cow(s).
Turn 266:
> 064893
Grade: 1 bull(s) and 5 cow(s).
Turn 267:
> 460893
Grade: 1 bull(s) and 5 cow(s).
Turn 268:
> 640893
Grade: 2 bull(s) and 4 cow(s).
Turn 269:
> 648093
Grade: 1 bull(s) and 5 cow(s).
Turn 270:
> 468093
Grade: 6 cow(s).
Turn 271:
> 864093
Grade: 6 cow(s).
Turn 272:
> 684093
Grade: 6 cow(s).
Turn 273:
> 486093
Grade: 6 cow(s).
Turn 274:
> 846093
Grade: 1 bull(s) and 5 cow(s).
Turn 275:
> 946083
Grade: 2 bull(s) and 4 cow(s).
Turn 276:
> 496083
Grade: 6 cow(s).
Turn 277:
> 694083
Grade: 6 cow(s).
Turn 278:
> 964083
Grade: 1 bull(s) and 5 cow(s).
Turn 279:
> 469083
Grade: 6 cow(s).
Turn 280:
> 649083
Grade: 1 bull(s) and 5 cow(s).
Turn 281:
> 049683
Grade: 1 bull(s) and 5 cow(s).
Turn 282:
> 409683
Grade: 6 cow(s).
Turn 283:
> 904683
Grade: 1 bull(s) and 5 cow(s).
Turn 284:
> 094683
Grade: 6 cow(s).
Turn 285:
> 490683
Grade: 6 cow(s).
Turn 286:
> 940683
Grade: 2 bull(s) and 4 cow(s).
Turn 287:
> 960483
Grade: 1 bull(s) and 5 cow(s).
Turn 288:
> 690483
Grade: 6 cow(s).
Turn 289:
> 096483
Grade: 6 cow(s).
Turn 290:
> 906483
Grade: 1 bull(s) and 5 cow(s).
Turn 291:
> 609483
Grade: 6 cow(s).
Turn 292:
> 069483
Grade: 6 cow(s).
Turn 293:
> 064983
Grade: 6 cow(s).
Turn 294:
> 604983
Grade: 6 cow(s).
Turn 295:
> 406983
Grade: 6 cow(s).
Turn 296:
> 046983
Grade: 1 bull(s) and 5 cow(s).
Turn 297:
> 640983
Grade: 1 bull(s) and 5 cow(s).
Turn 298:
> 460983
Grade: 6 cow(s).
Turn 299:
> 860943
Grade: 6 cow(s).
Turn 300:
> 680943
Grade: 6 cow(s).
Turn 301:
> 086943
Grade: 6 cow(s).
Turn 302:
> 806943
Grade: 6 cow(s).
Turn 303:
> 608943
Grade: 6 cow(s).
Turn 304:
> 068943
Grade: 6 cow(s).
Turn 305:
> 968043
Grade: 1 bull(s) and 5 cow(s).
Turn 306:
> 698043
Grade: 6 cow(s).
Turn 307:
> 896043
Grade: 6 cow(s).
Turn 308:
> 986043
Grade: 1 bull(s) and 5 cow(s).
Turn 309:
> 689043
Grade: 6 cow(s).
Turn 310:
> 869043
Grade: 6 cow(s).
Turn 311:
> 809643
Grade: 6 cow(s).
Turn 312:
> 089643
Grade: 6 cow(s).
Turn 313:
> 980643
Grade: 1 bull(s) and 5 cow(s).
Turn 314:
> 890643
Grade: 6 cow(s).
Turn 315:
> 098643
Grade: 6 cow(s).
Turn 316:
> 908643
Grade: 1 bull(s) and 5 cow(s).
Turn 317:
> 906843
Grade: 2 bull(s) and 4 cow(s).
Turn 318:
> 096843
Grade: 1 bull(s) and 5 cow(s).
Turn 319:
> 690843
Grade: 1 bull(s) and 5 cow(s).
Turn 320:
> 960843
Grade: 2 bull(s) and 4 cow(s).
Turn 321:
> 069843
Grade: 1 bull(s) and 5 cow(s).
Turn 322:
> 609843
Grade: 1 bull(s) and 5 cow(s).
Turn 323:
> 409863
Grade: 2 bull(s) and 4 cow(s).
Turn 324:
> 049863
Grade: 3 bull(s) and 3 cow(s).
Turn 325:
> 940863
Grade: 4 bull(s) and 2 cow(s).
Turn 326:
> 490863
Grade: 2 bull(s) and 4 cow(s).
Turn 327:
> 094863
Grade: 2 bull(s) and 4 cow(s).
Turn 328:
> 904863
Grade: 3 bull(s) and 3 cow(s).
Turn 329:
> 804963
Grade: 1 bull(s) and 5 cow(s).
Turn 330:
> 084963
Grade: 1 bull(s) and 5 cow(s).
Turn 331:
> 480963
Grade: 1 bull(s) and 5 cow(s).
Turn 332:
> 840963
Grade: 2 bull(s) and 4 cow(s).
Turn 333:
> 048963
Grade: 2 bull(s) and 4 cow(s).
Turn 334:
> 408963
Grade: 1 bull(s) and 5 cow(s).
Turn 335:
> 498063
Grade: 1 bull(s) and 5 cow(s).
Turn 336:
> 948063
Grade: 3 bull(s) and 3 cow(s).
Turn 337:
> 849063
Grade: 2 bull(s) and 4 cow(s).
Turn 338:
> 489063
Grade: 1 bull(s) and 5 cow(s).
Turn 339:
> 984063
Grade: 2 bull(s) and 4 cow(s).
Turn 340:
> 894063
Grade: 1 bull(s) and 5 cow(s).
Turn 341:
> 890463
Grade: 1 bull(s) and 5 cow(s).
Turn 342:
> 980463
Grade: 2 bull(s) and 4 cow(s).
Turn 343:
> 089463
Grade: 1 bull(s) and 5 cow(s).
Turn 344:
> 809463
Grade: 1 bull(s) and 5 cow(s).
Turn 345:
> 908463
Grade: 2 bull(s) and 4 cow(s).
Turn 346:
> 098463
Grade: 1 bull(s) and 5 cow(s).
Turn 347:
> 698403
Grade: 6 cow(s).
Turn 348:
> 968403
Grade: 1 bull(s) and 5 cow(s).
Turn 349:
> 869403
Grade: 6 cow(s).
Turn 350:
> 689403
Grade: 6 cow(s).
Turn 351:
> 986403
Grade: 1 bull(s) and 5 cow(s).
Turn 352:
> 896403
Grade: 6 cow(s).
Turn 353:
> 496803
Grade: 1 bull(s) and 5 cow(s).
Turn 354:
> 946803
Grade: 3 bull(s) and 3 cow(s).
Turn 355:
> 649803
Grade: 2 bull(s) and 4 cow(s).
Turn 356:
> 469803
Grade: 1 bull(s) and 5 cow(s).
Turn 357:
> 964803
Grade: 2 bull(s) and 4 cow(s).
Turn 358:
> 694803
Grade: 1 bull(s) and 5 cow(s).
Turn 359:
> 684903
Grade: 6 cow(s).
Turn 360:
> 864903
Grade: 6 cow(s).
Turn 361:
> 468903
Grade: 6 cow(s).
Turn 362:
> 648903
Grade: 1 bull(s) and 5 cow(s).
Turn 363:
> 846903
Grade: 1 bull(s) and 5 cow(s).
Turn 364:
> 486903
Grade: 6 cow(s).
Turn 365:
> 489603
Grade: 6 cow(s).
Turn 366:
> 849603
Grade: 1 bull(s) and 5 cow(s).
Turn 367:
> 948603
Grade: 2 bull(s) and 4 cow(s).
Turn 368:
> 498603
Grade: 6 cow(s).
Turn 369:
> 894603
Grade: 6 cow(s).
Turn 370:
> 984603
Grade: 1 bull(s) and 5 cow(s).
Turn 371:
> 983604
Grade: 2 bull(s) and 4 cow(s).
Turn 372:
> 893604
Grade: 1 bull(s) and 5 cow(s).
Turn 373:
> 398604
Grade: 6 cow(s).
Turn 374:
> 938604
Grade: 1 bull(s) and 5 cow(s).
Turn 375:
> 839604
Grade: 6 cow(s).
Turn 376:
> 389604
Grade: 6 cow(s).
Turn 377:
> 689304
Grade: 6 cow(s).
Turn 378:
> 869304
Grade: 6 cow(s).
Turn 379:
> 968304
Grade: 1 bull(s) and 5 cow(s).
Turn 380:
> 698304
Grade: 6 cow(s).
Turn 381:
> 896304
Grade: 6 cow(s).
Turn 382:
> 986304
Grade: 1 bull(s) and 5 cow(s).
Turn 383:
> 936804
Grade: 2 bull(s) and 4 cow(s).
Turn 384:
> 396804
Grade: 1 bull(s) and 5 cow(s).
Turn 385:
> 693804
Grade: 2 bull(s) and 4 cow(s).
Turn 386:
> 963804
Grade: 3 bull(s) and 3 cow(s).
Turn 387:
> 369804
Grade: 1 bull(s) and 5 cow(s).
Turn 388:
> 639804
Grade: 1 bull(s) and 5 cow(s).
Turn 389:
> 638904
Grade: 6 cow(s).
Turn 390:
> 368904
Grade: 6 cow(s).
Turn 391:
> 863904
Grade: 1 bull(s) and 5 cow(s).
Turn 392:
> 683904
Grade: 1 bull(s) and 5 cow(s).
Turn 393:
> 386904
Grade: 6 cow(s).
Turn 394:
> 836904
Grade: 6 cow(s).
Turn 395:
> 036984
Grade: 6 cow(s).
Turn 396:
> 306984
Grade: 6 cow(s).
Turn 397:
> 603984
Grade: 1 bull(s) and 5 cow(s).
Turn 398:
> 063984
Grade: 1 bull(s) and 5 cow(s).
Turn 399:
> 360984
Grade: 6 cow(s).
Turn 400:
> 630984
Grade: 6 cow(s).
Turn 401:
> 930684
Grade: 1 bull(s) and 5 cow(s).
Turn 402:
> 390684
Grade: 6 cow(s).
Turn 403:
> 093684
Grade: 1 bull(s) and 5 cow(s).
Turn 404:
> 903684
Grade: 2 bull(s) and 4 cow(s).
Turn 405:
> 309684
Grade: 6 cow(s).
Turn 406:
> 039684
Grade: 6 cow(s).
Turn 407:
> 069384
Grade: 6 cow(s).
Turn 408:
> 609384
Grade: 6 cow(s).
Turn 409:
> 906384
Grade: 1 bull(s) and 5 cow(s).
Turn 410:
> 096384
Grade: 6 cow(s).
Turn 411:
> 690384
Grade: 6 cow(s).
Turn 412:
> 960384
Grade: 1 bull(s) and 5 cow(s).
Turn 413:
> 963084
Grade: 2 bull(s) and 4 cow(s).
Turn 414:
> 693084
Grade: 1 bull(s) and 5 cow(s).
Turn 415:
> 396084
Grade: 6 cow(s).
Turn 416:
> 936084
Grade: 1 bull(s) and 5 cow(s).
Turn 417:
> 639084
Grade: 6 cow(s).
Turn 418:
> 369084
Grade: 6 cow(s).
Turn 419:
> 869034
Grade: 6 cow(s).
Turn 420:
> 689034
Grade: 6 cow(s).
Turn 421:
> 986034
Grade: 1 bull(s) and 5 cow(s).
Turn 422:
> 896034
Grade: 6 cow(s).
Turn 423:
> 698034
Grade: 6 cow(s).
Turn 424:
> 968034
Grade: 1 bull(s) and 5 cow(s).
Turn 425:
> 068934
Grade: 6 cow(s).
Turn 426:
> 608934
Grade: 6 cow(s).
Turn 427:
> 806934
Grade: 6 cow(s).
Turn 428:
> 086934
Grade: 6 cow(s).
Turn 429:
> 680934
Grade: 6 cow(s).
Turn 430:
> 860934
Grade: 6 cow(s).
Turn 431:
> 890634
Grade: 6 cow(s).
Turn 432:
> 980634
Grade: 1 bull(s) and 5 cow(s).
Turn 433:
> 089634
Grade: 6 cow(s).
Turn 434:
> 809634
Grade: 6 cow(s).
Turn 435:
> 908634
Grade: 1 bull(s) and 5 cow(s).
Turn 436:
> 098634
Grade: 6 cow(s).
Turn 437:
> 096834
Grade: 1 bull(s) and 5 cow(s).
Turn 438:
> 906834
Grade: 2 bull(s) and 4 cow(s).
Turn 439:
> 609834
Grade: 1 bull(s) and 5 cow(s).
Turn 440:
> 069834
Grade: 1 bull(s) and 5 cow(s).
Turn 441:
> 960834
Grade: 2 bull(s) and 4 cow(s).
Turn 442:
> 690834
Grade: 1 bull(s) and 5 cow(s).
Turn 443:
> 390864
Grade: 2 bull(s) and 4 cow(s).
Turn 444:
> 930864
Grade: 3 bull(s) and 3 cow(s).
Turn 445:
> 039864
Grade: 2 bull(s) and 4 cow(s).
Turn 446:
> 309864
Grade: 2 bull(s) and 4 cow(s).
Turn 447:
> 903864
Grade: 4 bull(s) and 2 cow(s).
Turn 448:
> 093864
Grade: 3 bull(s) and 3 cow(s).
Turn 449:
> 893064
Grade: 2 bull(s) and 4 cow(s).
Turn 450:
> 983064
Grade: 3 bull(s) and 3 cow(s).
Turn 451:
> 389064
Grade: 1 bull(s) and 5 cow(s).
Turn 452:
> 839064
Grade: 1 bull(s) and 5 cow(s).
Turn 453:
> 938064
Grade: 2 bull(s) and 4 cow(s).
Turn 454:
> 398064
Grade: 1 bull(s) and 5 cow(s).
Turn 455:
> 308964
Grade: 1 bull(s) and 5 cow(s).
Turn 456:
> 038964
Grade: 1 bull(s) and 5 cow(s).
Turn 457:
> 830964
Grade: 1 bull(s) and 5 cow(s).
Turn 458:
> 380964
Grade: 1 bull(s) and 5 cow(s).
Turn 459:
> 083964
Grade: 2 bull(s) and 4 cow(s).
Turn 460:
> 803964
Grade: 2 bull(s) and 4 cow(s).
Turn 461:
> 809364
Grade: 1 bull(s) and 5 cow(s).
Turn 462:
> 089364
Grade: 1 bull(s) and 5 cow(s).
Turn 463:
> 980364
Grade: 2 bull(s) and 4 cow(s).
Turn 464:
> 890364
Grade: 1 bull(s) and 5 cow(s).
Turn 465:
> 098364
Grade: 1 bull(s) and 5 cow(s).
Turn 466:
> 908364
Grade: 2 bull(s) and 4 cow(s).
Turn 467:
> 608394
Grade: 6 cow(s).
Turn 468:
> 068394
Grade: 6 cow(s).
Turn 469:
> 860394
Grade: 6 cow(s).
Turn 470:
> 680394
Grade: 6 cow(s).
Turn 471:
> 086394
Grade: 6 cow(s).
Turn 472:
> 806394
Grade: 6 cow(s).
Turn 473:
> 306894
Grade: 1 bull(s) and 5 cow(s).
Turn 474:
> 036894
Grade: 1 bull(s) and 5 cow(s).
Turn 475:
> 630894
Grade: 1 bull(s) and 5 cow(s).
Turn 476:
> 360894
Grade: 1 bull(s) and 5 cow(s).
Turn 477:
> 063894
Grade: 2 bull(s) and 4 cow(s).
Turn 478:
> 603894
Grade: 2 bull(s) and 4 cow(s).
Turn 479:
> 683094
Grade: 1 bull(s) and 5 cow(s).
Turn 480:
> 863094
Grade: 1 bull(s) and 5 cow(s).
Turn 481:
> 368094
Grade: 6 cow(s).
Turn 482:
> 638094
Grade: 6 cow(s).
Turn 483:
> 836094
Grade: 6 cow(s).
Turn 484:
> 386094
Grade: 6 cow(s).
Turn 485:
> 380694
Grade: 6 cow(s).
Turn 486:
> 830694
Grade: 6 cow(s).
Turn 487:
> 038694
Grade: 6 cow(s).
Turn 488:
> 308694
Grade: 6 cow(s).
Turn 489:
> 803694
Grade: 1 bull(s) and 5 cow(s).
Turn 490:
> 083694
Grade: 1 bull(s) and 5 cow(s).
Turn 491:
> 083496
Grade: 1 bull(s) and 5 cow(s).
Turn 492:
> 803496
Grade: 1 bull(s) and 5 cow(s).
Turn 493:
> 308496
Grade: 6 cow(s).
Turn 494:
> 038496
Grade: 6 cow(s).
Turn 495:
> 830496
Grade: 6 cow(s).
Turn 496:
> 380496
Grade: 6 cow(s).
Turn 497:
> 480396
Grade: 6 cow(s).
Turn 498:
> 840396
Grade: 1 bull(s) and 5 cow(s).
Turn 499:
> 048396
Grade: 1 bull(s) and 5 cow(s).
Turn 500:
> 408396
Grade: 6 cow(s).
Turn 501:
> 804396
Grade: 6 cow(s).
Turn 502:
> 084396
Grade: 6 cow(s).
Turn 503:
> 034896
Grade: 1 bull(s) and 5 cow(s).
Turn 504:
> 304896
Grade: 1 bull(s) and 5 cow(s).
Turn 505:
> 403896
Grade: 2 bull(s) and 4 cow(s).
Turn 506:
> 043896
Grade: 3 bull(s) and 3 cow(s).
Turn 507:
> 340896
Grade: 2 bull(s) and 4 cow(s).
Turn 508:
> 430896
Grade: 1 bull(s) and 5 cow(s).
Turn 509:
> 438096
Grade: 6 cow(s).
Turn 510:
> 348096
Grade: 1 bull(s) and 5 cow(s).
Turn 511:
> 843096
Grade: 2 bull(s) and 4 cow(s).
Turn 512:
> 483096
Grade: 1 bull(s) and 5 cow(s).
Turn 513:
> 384096
Grade: 6 cow(s).
Turn 514:
> 834096
Grade: 6 cow(s).
Turn 515:
> 934086
Grade: 1 bull(s) and 5 cow(s).
Turn 516:
> 394086
Grade: 6 cow(s).
Turn 517:
> 493086
Grade: 1 bull(s) and 5 cow(s).
Turn 518:
> 943086
Grade: 3 bull(s) and 3 cow(s).
Turn 519:
> 349086
Grade: 1 bull(s) and 5 cow(s).
Turn 520:
> 439086
Grade: 6 cow(s).
Turn 521:
> 039486
Grade: 6 cow(s).
Turn 522:
> 309486
Grade: 6 cow(s).
Turn 523:
> 903486
Grade: 2 bull(s) and 4 cow(s).
Turn 524:
> 093486
Grade: 1 bull(s) and 5 cow(s).
Turn 525:
> 390486
Grade: 6 cow(s).
Turn 526:
> 930486
Grade: 1 bull(s) and 5 cow(s).
Turn 527:
> 940386
Grade: 2 bull(s) and 4 cow(s).
Turn 528:
> 490386
Grade: 6 cow(s).
Turn 529:
> 094386
Grade: 6 cow(s).
Turn 530:
> 904386
Grade: 1 bull(s) and 5 cow(s).
Turn 531:
> 409386
Grade: 6 cow(s).
Turn 532:
> 049386
Grade: 1 bull(s) and 5 cow(s).
Turn 533:
> 043986
Grade: 2 bull(s) and 4 cow(s).
Turn 534:
> 403986
Grade: 1 bull(s) and 5 cow(s).
Turn 535:
> 304986
Grade: 6 cow(s).
Turn 536:
> 034986
Grade: 6 cow(s).
Turn 537:
> 430986
Grade: 6 cow(s).
Turn 538:
> 340986
Grade: 1 bull(s) and 5 cow(s).
Turn 539:
> 840936
Grade: 1 bull(s) and 5 cow(s).
Turn 540:
> 480936
Grade: 6 cow(s).
Turn 541:
> 084936
Grade: 6 cow(s).
Turn 542:
> 804936
Grade: 6 cow(s).
Turn 543:
> 408936
Grade: 6 cow(s).
Turn 544:
> 048936
Grade: 1 bull(s) and 5 cow(s).
Turn 545:
> 948036
Grade: 2 bull(s) and 4 cow(s).
Turn 546:
> 498036
Grade: 6 cow(s).
Turn 547:
> 894036
Grade: 6 cow(s).
Turn 548:
> 984036
Grade: 1 bull(s) and 5 cow(s).
Turn 549:
> 489036
Grade: 6 cow(s).
Turn 550:
> 849036
Grade: 1 bull(s) and 5 cow(s).
Turn 551:
> 809436
Grade: 6 cow(s).
Turn 552:
> 089436
Grade: 6 cow(s).
Turn 553:
> 980436
Grade: 1 bull(s) and 5 cow(s).
Turn 554:
> 890436
Grade: 6 cow(s).
Turn 555:
> 098436
Grade: 6 cow(s).
Turn 556:
> 908436
Grade: 1 bull(s) and 5 cow(s).
Turn 557:
> 904836
Grade: 2 bull(s) and 4 cow(s).
Turn 558:
> 094836
Grade: 1 bull(s) and 5 cow(s).
Turn 559:
> 490836
Grade: 1 bull(s) and 5 cow(s).
Turn 560:
> 940836
Grade: 3 bull(s) and 3 cow(s).
Turn 561:
> 049836
Grade: 2 bull(s) and 4 cow(s).
Turn 562:
> 409836
Grade: 1 bull(s) and 5 cow(s).
Turn 563:
> 309846
Grade: 1 bull(s) and 5 cow(s).
Turn 564:
> 039846
Grade: 1 bull(s) and 5 cow(s).
Turn 565:
> 930846
Grade: 2 bull(s) and 4 cow(s).
Turn 566:
> 390846
Grade: 1 bull(s) and 5 cow(s).
Turn 567:
> 093846
Grade: 2 bull(s) and 4 cow(s).
Turn 568:
> 903846
Grade: 3 bull(s) and 3 cow(s).
Turn 569:
> 803946
Grade: 1 bull(s) and 5 cow(s).
Turn 570:
> 083946
Grade: 1 bull(s) and 5 cow(s).
Turn 571:
> 380946
Grade: 6 cow(s).
Turn 572:
> 830946
Grade: 6 cow(s).
Turn 573:
> 038946
Grade: 6 cow(s).
Turn 574:
> 308946
Grade: 6 cow(s).
Turn 575:
> 398046
Grade: 6 cow(s).
Turn 576:
> 938046
Grade: 1 bull(s) and 5 cow(s).
Turn 577:
> 839046
Grade: 6 cow(s).
Turn 578:
> 389046
Grade: 6 cow(s).
Turn 579:
> 983046
Grade: 2 bull(s) and 4 cow(s).
Turn 580:
> 893046
Grade: 1 bull(s) and 5 cow(s).
Turn 581:
> 890346
Grade: 6 cow(s).
Turn 582:
> 980346
Grade: 1 bull(s) and 5 cow(s).
Turn 583:
> 089346
Grade: 6 cow(s).
Turn 584:
> 809346
Grade: 6 cow(s).
Turn 585:
> 908346
Grade: 1 bull(s) and 5 cow(s).
Turn 586:
> 098346
Grade: 6 cow(s).
Turn 587:
> 498306
Grade: 6 cow(s).
Turn 588:
> 948306
Grade: 2 bull(s) and 4 cow(s).
Turn 589:
> 849306
Grade: 1 bull(s) and 5 cow(s).
Turn 590:
> 489306
Grade: 6 cow(s).
Turn 591:
> 984306
Grade: 1 bull(s) and 5 cow(s).
Turn 592:
> 894306
Grade: 6 cow(s).
Turn 593:
> 394806
Grade: 1 bull(s) and 5 cow(s).
Turn 594:
> 934806
Grade: 2 bull(s) and 4 cow(s).
Turn 595:
> 439806
Grade: 1 bull(s) and 5 cow(s).
Turn 596:
> 349806
Grade: 2 bull(s) and 4 cow(s).
Turn 597:
> 943806
Grade: 4 bull(s) and 2 cow(s).
Turn 598:
> 493806
Grade: 2 bull(s) and 4 cow(s).
Turn 599:
> 483906
Grade: 1 bull(s) and 5 cow(s).
Turn 600:
> 843906
Grade: 2 bull(s) and 4 cow(s).
Turn 601:
> 348906
Grade: 1 bull(s) and 5 cow(s).
Turn 602:
> 438906
Grade: 6 cow(s).
Turn 603:
> 834906
Grade: 6 cow(s).
Turn 604:
> 384906
Grade: 6 cow(s).
Turn 605:
> 389406
Grade: 6 cow(s).
Turn 606:
> 839406
Grade: 6 cow(s).
Turn 607:
> 938406
Grade: 1 bull(s) and 5 cow(s).
Turn 608:
> 398406
Grade: 6 cow(s).
Turn 609:
> 893406
Grade: 1 bull(s) and 5 cow(s).
Turn 610:
> 983406
Grade: 2 bull(s) and 4 cow(s).
Turn 611:
> 983460
Grade: 4 bull(s) and 2 cow(s).
Turn 612:
> 893460
Grade: 3 bull(s) and 3 cow(s).
Turn 613:
> 398460
Grade: 2 bull(s) and 4 cow(s).
Turn 614:
> 938460
Grade: 3 bull(s) and 3 cow(s).
Turn 615:
> 839460
Grade: 2 bull(s) and 4 cow(s).
Turn 616:
> 389460
Grade: 2 bull(s) and 4 cow(s).
Turn 617:
> 489360
Grade: 2 bull(s) and 4 cow(s).
Turn 618:
> 849360
Grade: 3 bull(s) and 3 cow(s).
Turn 619:
> 948360
Grade: 4 bull(s) and 2 cow(s).
Turn 620:
> 498360
Grade: 2 bull(s) and 4 cow(s).
Turn 621:
> 894360
Grade: 2 bull(s) and 4 cow(s).
Turn 622:
> 984360
Grade: 3 bull(s) and 3 cow(s).
Turn 623:
> 934860
Grade: 4 bull(s) and 2 cow(s).
Turn 624:
> 394860
Grade: 3 bull(s) and 3 cow(s).
Turn 625:
> 493860
Grade: 4 bull(s) and 2 cow(s).
Turn 626:
> 943860
Grade: 6 bull(s).
Congratulations! You guessed the secret code.
?[1;31m
Start test 4?[0m
Please, enter the secret code's length:
> 11
Error: can't generate a secret number with a length of 11 because there aren't enough unique digits.
Please, enter the secret code's length:
]]></system-out>
  <system-err><![CDATA[]]></system-err>
</testsuite>
