<?xml version="1.0" encoding="UTF-8"?>
<testsuite name="BullsCowsTest" tests="1" skipped="0" failures="0" errors="0" timestamp="2025-01-28T11:08:02" hostname="DESKTOP-5V9GP26" time="0.279">
  <properties/>
  <testcase name="start" classname="BullsCowsTest" time="0.279"/>
  <system-out><![CDATA[?[1;31m
Start test 1?[0m
Input the length of the secret code:
> 1
Input the number of possible symbols in the code:
> 10
The secret is prepared: * 0-9.
Okay, let's start a game!
Turn 1:
> 0
Grade: None.
Turn 2:
> 1
Grade: None.
Turn 3:
> 2
Grade: None.
Turn 4:
> 3
Grade: None.
Turn 5:
> 4
Grade: None.
Turn 6:
> 5
Grade: None.
Turn 7:
> 6
Grade: 1 bull(s).
Congratulations! You guessed the secret code.
?[1;31m
Start test 2?[0m
Input the length of the secret code:
> 4
Input the number of possible symbols in the code:
> 10
The secret is prepared: **** 0-9.
Okay, let's start a game!
Turn 1:
> 0000
Grade: None.
Turn 2:
> 1111
Grade: 1 bull(s) and 3 cow(s).
Turn 3:
> 2222
Grade: None.
Turn 4:
> 3333
Grade: None.
Turn 5:
> 4444
Grade: 1 bull(s) and 3 cow(s).
Turn 6:
> 5555
Grade: 1 bull(s) and 3 cow(s).
Turn 7:
> 6666
Grade: None.
Turn 8:
> 7777
Grade: None.
Turn 9:
> 8888
Grade: 1 bull(s) and 3 cow(s).
Turn 10:
> 1458
Grade: 4 cow(s).
Turn 11:
> 4158
Grade: 4 cow(s).
Turn 12:
> 5148
Grade: 1 bull(s) and 3 cow(s).
Turn 13:
> 1548
Grade: 4 cow(s).
Turn 14:
> 4518
Grade: 1 bull(s) and 3 cow(s).
Turn 15:
> 5418
Grade: 2 bull(s) and 2 cow(s).
Turn 16:
> 8415
Grade: 1 bull(s) and 3 cow(s).
Turn 17:
> 4815
Grade: 2 bull(s) and 2 cow(s).
Turn 18:
> 1845
Grade: 1 bull(s) and 3 cow(s).
Turn 19:
> 8145
Grade: 4 cow(s).
Turn 20:
> 4185
Grade: 4 cow(s).
Turn 21:
> 1485
Grade: 4 cow(s).
Turn 22:
> 1584
Grade: 1 bull(s) and 3 cow(s).
Turn 23:
> 5184
Grade: 2 bull(s) and 2 cow(s).
Turn 24:
> 8154
Grade: 1 bull(s) and 3 cow(s).
Turn 25:
> 1854
Grade: 2 bull(s) and 2 cow(s).
Turn 26:
> 5814
Grade: 4 bull(s).
Congratulations! You guessed the secret code.
?[1;31m
Start test 3?[0m
Input the length of the secret code:
> 6
Input the number of possible symbols in the code:
> 10
The secret is prepared: ****** 0-9.
Okay, let's start a game!
Turn 1:
> 000000
Grade: 1 bull(s) and 5 cow(s).
Turn 2:
> 111111
Grade: None.
Turn 3:
> 222222
Grade: 1 bull(s) and 5 cow(s).
Turn 4:
> 333333
Grade: None.
Turn 5:
> 444444
Grade: 1 bull(s) and 5 cow(s).
Turn 6:
> 555555
Grade: None.
Turn 7:
> 666666
Grade: 1 bull(s) and 5 cow(s).
Turn 8:
> 777777
Grade: None.
Turn 9:
> 888888
Grade: 1 bull(s) and 5 cow(s).
Turn 10:
> 999999
Grade: 1 bull(s) and 5 cow(s).
Turn 11:
> 024689
Grade: 6 cow(s).
Turn 12:
> 204689
Grade: 6 cow(s).
Turn 13:
> 402689
Grade: 6 cow(s).
Turn 14:
> 042689
Grade: 1 bull(s) and 5 cow(s).
Turn 15:
> 240689
Grade: 1 bull(s) and 5 cow(s).
Turn 16:
> 420689
Grade: 6 cow(s).
Turn 17:
> 620489
Grade: 6 cow(s).
Turn 18:
> 260489
Grade: 6 cow(s).
Turn 19:
> 062489
Grade: 6 cow(s).
Turn 20:
> 602489
Grade: 6 cow(s).
Turn 21:
> 206489
Grade: 6 cow(s).
Turn 22:
> 026489
Grade: 6 cow(s).
Turn 23:
> 046289
Grade: 1 bull(s) and 5 cow(s).
Turn 24:
> 406289
Grade: 6 cow(s).
Turn 25:
> 604289
Grade: 6 cow(s).
Turn 26:
> 064289
Grade: 6 cow(s).
Turn 27:
> 460289
Grade: 6 cow(s).
Turn 28:
> 640289
Grade: 1 bull(s) and 5 cow(s).
Turn 29:
> 642089
Grade: 2 bull(s) and 4 cow(s).
Turn 30:
> 462089
Grade: 1 bull(s) and 5 cow(s).
Turn 31:
> 264089
Grade: 1 bull(s) and 5 cow(s).
Turn 32:
> 624089
Grade: 1 bull(s) and 5 cow(s).
Turn 33:
> 426089
Grade: 1 bull(s) and 5 cow(s).
Turn 34:
> 246089
Grade: 2 bull(s) and 4 cow(s).
Turn 35:
> 846029
Grade: 2 bull(s) and 4 cow(s).
Turn 36:
> 486029
Grade: 1 bull(s) and 5 cow(s).
Turn 37:
> 684029
Grade: 1 bull(s) and 5 cow(s).
Turn 38:
> 864029
Grade: 1 bull(s) and 5 cow(s).
Turn 39:
> 468029
Grade: 2 bull(s) and 4 cow(s).
Turn 40:
> 648029
Grade: 3 bull(s) and 3 cow(s).
Turn 41:
> 048629
Grade: 2 bull(s) and 4 cow(s).
Turn 42:
> 408629
Grade: 1 bull(s) and 5 cow(s).
Turn 43:
> 804629
Grade: 6 cow(s).
Turn 44:
> 084629
Grade: 6 cow(s).
Turn 45:
> 480629
Grade: 6 cow(s).
Turn 46:
> 840629
Grade: 1 bull(s) and 5 cow(s).
Turn 47:
> 860429
Grade: 6 cow(s).
Turn 48:
> 680429
Grade: 6 cow(s).
Turn 49:
> 086429
Grade: 6 cow(s).
Turn 50:
> 806429
Grade: 6 cow(s).
Turn 51:
> 608429
Grade: 1 bull(s) and 5 cow(s).
Turn 52:
> 068429
Grade: 1 bull(s) and 5 cow(s).
Turn 53:
> 064829
Grade: 6 cow(s).
Turn 54:
> 604829
Grade: 6 cow(s).
Turn 55:
> 406829
Grade: 6 cow(s).
Turn 56:
> 046829
Grade: 1 bull(s) and 5 cow(s).
Turn 57:
> 640829
Grade: 1 bull(s) and 5 cow(s).
Turn 58:
> 460829
Grade: 6 cow(s).
Turn 59:
> 260849
Grade: 6 cow(s).
Turn 60:
> 620849
Grade: 6 cow(s).
Turn 61:
> 026849
Grade: 6 cow(s).
Turn 62:
> 206849
Grade: 6 cow(s).
Turn 63:
> 602849
Grade: 6 cow(s).
Turn 64:
> 062849
Grade: 6 cow(s).
Turn 65:
> 862049
Grade: 1 bull(s) and 5 cow(s).
Turn 66:
> 682049
Grade: 1 bull(s) and 5 cow(s).
Turn 67:
> 286049
Grade: 1 bull(s) and 5 cow(s).
Turn 68:
> 826049
Grade: 1 bull(s) and 5 cow(s).
Turn 69:
> 628049
Grade: 2 bull(s) and 4 cow(s).
Turn 70:
> 268049
Grade: 2 bull(s) and 4 cow(s).
Turn 71:
> 208649
Grade: 1 bull(s) and 5 cow(s).
Turn 72:
> 028649
Grade: 1 bull(s) and 5 cow(s).
Turn 73:
> 820649
Grade: 6 cow(s).
Turn 74:
> 280649
Grade: 6 cow(s).
Turn 75:
> 082649
Grade: 6 cow(s).
Turn 76:
> 802649
Grade: 6 cow(s).
Turn 77:
> 806249
Grade: 6 cow(s).
Turn 78:
> 086249
Grade: 6 cow(s).
Turn 79:
> 680249
Grade: 6 cow(s).
Turn 80:
> 860249
Grade: 6 cow(s).
Turn 81:
> 068249
Grade: 1 bull(s) and 5 cow(s).
Turn 82:
> 608249
Grade: 1 bull(s) and 5 cow(s).
Turn 83:
> 408269
Grade: 2 bull(s) and 4 cow(s).
Turn 84:
> 048269
Grade: 3 bull(s) and 3 cow(s).
Turn 85:
> 840269
Grade: 2 bull(s) and 4 cow(s).
Turn 86:
> 480269
Grade: 1 bull(s) and 5 cow(s).
Turn 87:
> 084269
Grade: 1 bull(s) and 5 cow(s).
Turn 88:
> 804269
Grade: 1 bull(s) and 5 cow(s).
Turn 89:
> 204869
Grade: 1 bull(s) and 5 cow(s).
Turn 90:
> 024869
Grade: 1 bull(s) and 5 cow(s).
Turn 91:
> 420869
Grade: 1 bull(s) and 5 cow(s).
Turn 92:
> 240869
Grade: 2 bull(s) and 4 cow(s).
Turn 93:
> 042869
Grade: 2 bull(s) and 4 cow(s).
Turn 94:
> 402869
Grade: 1 bull(s) and 5 cow(s).
Turn 95:
> 482069
Grade: 2 bull(s) and 4 cow(s).
Turn 96:
> 842069
Grade: 3 bull(s) and 3 cow(s).
Turn 97:
> 248069
Grade: 4 bull(s) and 2 cow(s).
Turn 98:
> 428069
Grade: 3 bull(s) and 3 cow(s).
Turn 99:
> 824069
Grade: 2 bull(s) and 4 cow(s).
Turn 100:
> 284069
Grade: 2 bull(s) and 4 cow(s).
Turn 101:
> 280469
Grade: 1 bull(s) and 5 cow(s).
Turn 102:
> 820469
Grade: 1 bull(s) and 5 cow(s).
Turn 103:
> 028469
Grade: 2 bull(s) and 4 cow(s).
Turn 104:
> 208469
Grade: 2 bull(s) and 4 cow(s).
Turn 105:
> 802469
Grade: 1 bull(s) and 5 cow(s).
Turn 106:
> 082469
Grade: 1 bull(s) and 5 cow(s).
Turn 107:
> 682409
Grade: 6 cow(s).
Turn 108:
> 862409
Grade: 6 cow(s).
Turn 109:
> 268409
Grade: 1 bull(s) and 5 cow(s).
Turn 110:
> 628409
Grade: 1 bull(s) and 5 cow(s).
Turn 111:
> 826409
Grade: 6 cow(s).
Turn 112:
> 286409
Grade: 6 cow(s).
Turn 113:
> 486209
Grade: 6 cow(s).
Turn 114:
> 846209
Grade: 1 bull(s) and 5 cow(s).
Turn 115:
> 648209
Grade: 2 bull(s) and 4 cow(s).
Turn 116:
> 468209
Grade: 1 bull(s) and 5 cow(s).
Turn 117:
> 864209
Grade: 6 cow(s).
Turn 118:
> 684209
Grade: 6 cow(s).
Turn 119:
> 624809
Grade: 6 cow(s).
Turn 120:
> 264809
Grade: 6 cow(s).
Turn 121:
> 462809
Grade: 6 cow(s).
Turn 122:
> 642809
Grade: 1 bull(s) and 5 cow(s).
Turn 123:
> 246809
Grade: 1 bull(s) and 5 cow(s).
Turn 124:
> 426809
Grade: 6 cow(s).
Turn 125:
> 428609
Grade: 1 bull(s) and 5 cow(s).
Turn 126:
> 248609
Grade: 2 bull(s) and 4 cow(s).
Turn 127:
> 842609
Grade: 1 bull(s) and 5 cow(s).
Turn 128:
> 482609
Grade: 6 cow(s).
Turn 129:
> 284609
Grade: 6 cow(s).
Turn 130:
> 824609
Grade: 6 cow(s).
Turn 131:
> 924608
Grade: 1 bull(s) and 5 cow(s).
Turn 132:
> 294608
Grade: 6 cow(s).
Turn 133:
> 492608
Grade: 6 cow(s).
Turn 134:
> 942608
Grade: 2 bull(s) and 4 cow(s).
Turn 135:
> 249608
Grade: 1 bull(s) and 5 cow(s).
Turn 136:
> 429608
Grade: 6 cow(s).
Turn 137:
> 629408
Grade: 6 cow(s).
Turn 138:
> 269408
Grade: 6 cow(s).
Turn 139:
> 962408
Grade: 1 bull(s) and 5 cow(s).
Turn 140:
> 692408
Grade: 6 cow(s).
Turn 141:
> 296408
Grade: 6 cow(s).
Turn 142:
> 926408
Grade: 1 bull(s) and 5 cow(s).
Turn 143:
> 946208
Grade: 2 bull(s) and 4 cow(s).
Turn 144:
> 496208
Grade: 6 cow(s).
Turn 145:
> 694208
Grade: 6 cow(s).
Turn 146:
> 964208
Grade: 1 bull(s) and 5 cow(s).
Turn 147:
> 469208
Grade: 6 cow(s).
Turn 148:
> 649208
Grade: 1 bull(s) and 5 cow(s).
Turn 149:
> 642908
Grade: 1 bull(s) and 5 cow(s).
Turn 150:
> 462908
Grade: 6 cow(s).
Turn 151:
> 264908
Grade: 6 cow(s).
Turn 152:
> 624908
Grade: 6 cow(s).
Turn 153:
> 426908
Grade: 6 cow(s).
Turn 154:
> 246908
Grade: 1 bull(s) and 5 cow(s).
Turn 155:
> 046928
Grade: 1 bull(s) and 5 cow(s).
Turn 156:
> 406928
Grade: 6 cow(s).
Turn 157:
> 604928
Grade: 6 cow(s).
Turn 158:
> 064928
Grade: 6 cow(s).
Turn 159:
> 460928
Grade: 6 cow(s).
Turn 160:
> 640928
Grade: 1 bull(s) and 5 cow(s).
Turn 161:
> 940628
Grade: 2 bull(s) and 4 cow(s).
Turn 162:
> 490628
Grade: 6 cow(s).
Turn 163:
> 094628
Grade: 6 cow(s).
Turn 164:
> 904628
Grade: 1 bull(s) and 5 cow(s).
Turn 165:
> 409628
Grade: 6 cow(s).
Turn 166:
> 049628
Grade: 1 bull(s) and 5 cow(s).
Turn 167:
> 069428
Grade: 6 cow(s).
Turn 168:
> 609428
Grade: 6 cow(s).
Turn 169:
> 906428
Grade: 1 bull(s) and 5 cow(s).
Turn 170:
> 096428
Grade: 6 cow(s).
Turn 171:
> 690428
Grade: 6 cow(s).
Turn 172:
> 960428
Grade: 1 bull(s) and 5 cow(s).
Turn 173:
> 964028
Grade: 2 bull(s) and 4 cow(s).
Turn 174:
> 694028
Grade: 1 bull(s) and 5 cow(s).
Turn 175:
> 496028
Grade: 1 bull(s) and 5 cow(s).
Turn 176:
> 946028
Grade: 3 bull(s) and 3 cow(s).
Turn 177:
> 649028
Grade: 2 bull(s) and 4 cow(s).
Turn 178:
> 469028
Grade: 1 bull(s) and 5 cow(s).
Turn 179:
> 269048
Grade: 1 bull(s) and 5 cow(s).
Turn 180:
> 629048
Grade: 1 bull(s) and 5 cow(s).
Turn 181:
> 926048
Grade: 2 bull(s) and 4 cow(s).
Turn 182:
> 296048
Grade: 1 bull(s) and 5 cow(s).
Turn 183:
> 692048
Grade: 1 bull(s) and 5 cow(s).
Turn 184:
> 962048
Grade: 2 bull(s) and 4 cow(s).
Turn 185:
> 062948
Grade: 6 cow(s).
Turn 186:
> 602948
Grade: 6 cow(s).
Turn 187:
> 206948
Grade: 6 cow(s).
Turn 188:
> 026948
Grade: 6 cow(s).
Turn 189:
> 620948
Grade: 6 cow(s).
Turn 190:
> 260948
Grade: 6 cow(s).
Turn 191:
> 290648
Grade: 6 cow(s).
Turn 192:
> 920648
Grade: 1 bull(s) and 5 cow(s).
Turn 193:
> 029648
Grade: 6 cow(s).
Turn 194:
> 209648
Grade: 6 cow(s).
Turn 195:
> 902648
Grade: 1 bull(s) and 5 cow(s).
Turn 196:
> 092648
Grade: 6 cow(s).
Turn 197:
> 096248
Grade: 6 cow(s).
Turn 198:
> 906248
Grade: 1 bull(s) and 5 cow(s).
Turn 199:
> 609248
Grade: 6 cow(s).
Turn 200:
> 069248
Grade: 6 cow(s).
Turn 201:
> 960248
Grade: 1 bull(s) and 5 cow(s).
Turn 202:
> 690248
Grade: 6 cow(s).
Turn 203:
> 490268
Grade: 1 bull(s) and 5 cow(s).
Turn 204:
> 940268
Grade: 3 bull(s) and 3 cow(s).
Turn 205:
> 049268
Grade: 2 bull(s) and 4 cow(s).
Turn 206:
> 409268
Grade: 1 bull(s) and 5 cow(s).
Turn 207:
> 904268
Grade: 2 bull(s) and 4 cow(s).
Turn 208:
> 094268
Grade: 1 bull(s) and 5 cow(s).
Turn 209:
> 294068
Grade: 2 bull(s) and 4 cow(s).
Turn 210:
> 924068
Grade: 3 bull(s) and 3 cow(s).
Turn 211:
> 429068
Grade: 2 bull(s) and 4 cow(s).
Turn 212:
> 249068
Grade: 3 bull(s) and 3 cow(s).
Turn 213:
> 942068
Grade: 4 bull(s) and 2 cow(s).
Turn 214:
> 492068
Grade: 2 bull(s) and 4 cow(s).
Turn 215:
> 402968
Grade: 1 bull(s) and 5 cow(s).
Turn 216:
> 042968
Grade: 2 bull(s) and 4 cow(s).
Turn 217:
> 240968
Grade: 2 bull(s) and 4 cow(s).
Turn 218:
> 420968
Grade: 1 bull(s) and 5 cow(s).
Turn 219:
> 024968
Grade: 1 bull(s) and 5 cow(s).
Turn 220:
> 204968
Grade: 1 bull(s) and 5 cow(s).
Turn 221:
> 209468
Grade: 1 bull(s) and 5 cow(s).
Turn 222:
> 029468
Grade: 1 bull(s) and 5 cow(s).
Turn 223:
> 920468
Grade: 2 bull(s) and 4 cow(s).
Turn 224:
> 290468
Grade: 1 bull(s) and 5 cow(s).
Turn 225:
> 092468
Grade: 1 bull(s) and 5 cow(s).
Turn 226:
> 902468
Grade: 2 bull(s) and 4 cow(s).
Turn 227:
> 602498
Grade: 6 cow(s).
Turn 228:
> 062498
Grade: 6 cow(s).
Turn 229:
> 260498
Grade: 6 cow(s).
Turn 230:
> 620498
Grade: 6 cow(s).
Turn 231:
> 026498
Grade: 6 cow(s).
Turn 232:
> 206498
Grade: 6 cow(s).
Turn 233:
> 406298
Grade: 6 cow(s).
Turn 234:
> 046298
Grade: 1 bull(s) and 5 cow(s).
Turn 235:
> 640298
Grade: 1 bull(s) and 5 cow(s).
Turn 236:
> 460298
Grade: 6 cow(s).
Turn 237:
> 064298
Grade: 6 cow(s).
Turn 238:
> 604298
Grade: 6 cow(s).
Turn 239:
> 624098
Grade: 1 bull(s) and 5 cow(s).
Turn 240:
> 264098
Grade: 1 bull(s) and 5 cow(s).
Turn 241:
> 462098
Grade: 1 bull(s) and 5 cow(s).
Turn 242:
> 642098
Grade: 2 bull(s) and 4 cow(s).
Turn 243:
> 246098
Grade: 2 bull(s) and 4 cow(s).
Turn 244:
> 426098
Grade: 1 bull(s) and 5 cow(s).
Turn 245:
> 420698
Grade: 6 cow(s).
Turn 246:
> 240698
Grade: 1 bull(s) and 5 cow(s).
Turn 247:
> 042698
Grade: 1 bull(s) and 5 cow(s).
Turn 248:
> 402698
Grade: 6 cow(s).
Turn 249:
> 204698
Grade: 6 cow(s).
Turn 250:
> 024698
Grade: 6 cow(s).
Turn 251:
> 084692
Grade: 1 bull(s) and 5 cow(s).
Turn 252:
> 804692
Grade: 1 bull(s) and 5 cow(s).
Turn 253:
> 408692
Grade: 2 bull(s) and 4 cow(s).
Turn 254:
> 048692
Grade: 3 bull(s) and 3 cow(s).
Turn 255:
> 840692
Grade: 2 bull(s) and 4 cow(s).
Turn 256:
> 480692
Grade: 1 bull(s) and 5 cow(s).
Turn 257:
> 680492
Grade: 1 bull(s) and 5 cow(s).
Turn 258:
> 860492
Grade: 1 bull(s) and 5 cow(s).
Turn 259:
> 068492
Grade: 2 bull(s) and 4 cow(s).
Turn 260:
> 608492
Grade: 2 bull(s) and 4 cow(s).
Turn 261:
> 806492
Grade: 1 bull(s) and 5 cow(s).
Turn 262:
> 086492
Grade: 1 bull(s) and 5 cow(s).
Turn 263:
> 046892
Grade: 2 bull(s) and 4 cow(s).
Turn 264:
> 406892
Grade: 1 bull(s) and 5 cow(s).
Turn 265:
> 604892
Grade: 1 bull(s) and 5 cow(s).
Turn 266:
> 064892
Grade: 1 bull(s) and 5 cow(s).
Turn 267:
> 460892
Grade: 1 bull(s) and 5 cow(s).
Turn 268:
> 640892
Grade: 2 bull(s) and 4 cow(s).
Turn 269:
> 648092
Grade: 4 bull(s) and 2 cow(s).
Turn 270:
> 468092
Grade: 3 bull(s) and 3 cow(s).
Turn 271:
> 864092
Grade: 2 bull(s) and 4 cow(s).
Turn 272:
> 684092
Grade: 2 bull(s) and 4 cow(s).
Turn 273:
> 486092
Grade: 2 bull(s) and 4 cow(s).
Turn 274:
> 846092
Grade: 3 bull(s) and 3 cow(s).
Turn 275:
> 946082
Grade: 4 bull(s) and 2 cow(s).
Turn 276:
> 496082
Grade: 2 bull(s) and 4 cow(s).
Turn 277:
> 694082
Grade: 2 bull(s) and 4 cow(s).
Turn 278:
> 964082
Grade: 3 bull(s) and 3 cow(s).
Turn 279:
> 469082
Grade: 2 bull(s) and 4 cow(s).
Turn 280:
> 649082
Grade: 3 bull(s) and 3 cow(s).
Turn 281:
> 049682
Grade: 2 bull(s) and 4 cow(s).
Turn 282:
> 409682
Grade: 1 bull(s) and 5 cow(s).
Turn 283:
> 904682
Grade: 2 bull(s) and 4 cow(s).
Turn 284:
> 094682
Grade: 1 bull(s) and 5 cow(s).
Turn 285:
> 490682
Grade: 1 bull(s) and 5 cow(s).
Turn 286:
> 940682
Grade: 3 bull(s) and 3 cow(s).
Turn 287:
> 960482
Grade: 2 bull(s) and 4 cow(s).
Turn 288:
> 690482
Grade: 1 bull(s) and 5 cow(s).
Turn 289:
> 096482
Grade: 1 bull(s) and 5 cow(s).
Turn 290:
> 906482
Grade: 2 bull(s) and 4 cow(s).
Turn 291:
> 609482
Grade: 1 bull(s) and 5 cow(s).
Turn 292:
> 069482
Grade: 1 bull(s) and 5 cow(s).
Turn 293:
> 064982
Grade: 1 bull(s) and 5 cow(s).
Turn 294:
> 604982
Grade: 1 bull(s) and 5 cow(s).
Turn 295:
> 406982
Grade: 1 bull(s) and 5 cow(s).
Turn 296:
> 046982
Grade: 2 bull(s) and 4 cow(s).
Turn 297:
> 640982
Grade: 2 bull(s) and 4 cow(s).
Turn 298:
> 460982
Grade: 1 bull(s) and 5 cow(s).
Turn 299:
> 860942
Grade: 1 bull(s) and 5 cow(s).
Turn 300:
> 680942
Grade: 1 bull(s) and 5 cow(s).
Turn 301:
> 086942
Grade: 1 bull(s) and 5 cow(s).
Turn 302:
> 806942
Grade: 1 bull(s) and 5 cow(s).
Turn 303:
> 608942
Grade: 2 bull(s) and 4 cow(s).
Turn 304:
> 068942
Grade: 2 bull(s) and 4 cow(s).
Turn 305:
> 968042
Grade: 4 bull(s) and 2 cow(s).
Turn 306:
> 698042
Grade: 3 bull(s) and 3 cow(s).
Turn 307:
> 896042
Grade: 2 bull(s) and 4 cow(s).
Turn 308:
> 986042
Grade: 3 bull(s) and 3 cow(s).
Turn 309:
> 689042
Grade: 2 bull(s) and 4 cow(s).
Turn 310:
> 869042
Grade: 2 bull(s) and 4 cow(s).
Turn 311:
> 809642
Grade: 1 bull(s) and 5 cow(s).
Turn 312:
> 089642
Grade: 1 bull(s) and 5 cow(s).
Turn 313:
> 980642
Grade: 2 bull(s) and 4 cow(s).
Turn 314:
> 890642
Grade: 1 bull(s) and 5 cow(s).
Turn 315:
> 098642
Grade: 2 bull(s) and 4 cow(s).
Turn 316:
> 908642
Grade: 3 bull(s) and 3 cow(s).
Turn 317:
> 906842
Grade: 2 bull(s) and 4 cow(s).
Turn 318:
> 096842
Grade: 1 bull(s) and 5 cow(s).
Turn 319:
> 690842
Grade: 1 bull(s) and 5 cow(s).
Turn 320:
> 960842
Grade: 2 bull(s) and 4 cow(s).
Turn 321:
> 069842
Grade: 1 bull(s) and 5 cow(s).
Turn 322:
> 609842
Grade: 1 bull(s) and 5 cow(s).
Turn 323:
> 409862
Grade: 2 bull(s) and 4 cow(s).
Turn 324:
> 049862
Grade: 3 bull(s) and 3 cow(s).
Turn 325:
> 940862
Grade: 4 bull(s) and 2 cow(s).
Turn 326:
> 490862
Grade: 2 bull(s) and 4 cow(s).
Turn 327:
> 094862
Grade: 2 bull(s) and 4 cow(s).
Turn 328:
> 904862
Grade: 3 bull(s) and 3 cow(s).
Turn 329:
> 804962
Grade: 2 bull(s) and 4 cow(s).
Turn 330:
> 084962
Grade: 2 bull(s) and 4 cow(s).
Turn 331:
> 480962
Grade: 2 bull(s) and 4 cow(s).
Turn 332:
> 840962
Grade: 3 bull(s) and 3 cow(s).
Turn 333:
> 048962
Grade: 4 bull(s) and 2 cow(s).
Turn 334:
> 408962
Grade: 3 bull(s) and 3 cow(s).
Turn 335:
> 498062
Grade: 4 bull(s) and 2 cow(s).
Turn 336:
> 948062
Grade: 6 bull(s).
Congratulations! You guessed the secret code.
?[1;31m
Start test 4?[0m
Input the length of the secret code:
> 4
Input the number of possible symbols in the code:
> 16
The secret is prepared: **** 0-9,a-f).
Okay, let's start a game!
Turn 1:
> 0000
Grade: None.
Turn 2:
> 1111
Grade: None.
Turn 3:
> 2222
Grade: 1 bull(s) and 3 cow(s).
Turn 4:
> 3333
Grade: None.
Turn 5:
> 4444
Grade: None.
Turn 6:
> 5555
Grade: None.
Turn 7:
> 6666
Grade: None.
Turn 8:
> 7777
Grade: None.
Turn 9:
> 8888
Grade: 1 bull(s) and 3 cow(s).
Turn 10:
> 9999
Grade: None.
Turn 11:
> aaaa
Grade: None.
Turn 12:
> bbbb
Grade: None.
Turn 13:
> cccc
Grade: None.
Turn 14:
> dddd
Grade: 1 bull(s) and 3 cow(s).
Turn 15:
> eeee
Grade: None.
Turn 16:
> ffff
Grade: 1 bull(s) and 3 cow(s).
Turn 17:
> 28df
Grade: 2 bull(s) and 2 cow(s).
Turn 18:
> 82df
Grade: 1 bull(s) and 3 cow(s).
Turn 19:
> d28f
Grade: 2 bull(s) and 2 cow(s).
Turn 20:
> 2d8f
Grade: 1 bull(s) and 3 cow(s).
Turn 21:
> 8d2f
Grade: 2 bull(s) and 2 cow(s).
Turn 22:
> d82f
Grade: 4 bull(s).
Congratulations! You guessed the secret code.
?[1;31m
Start test 5?[0m
Input the length of the secret code:
> 6
Input the number of possible symbols in the code:
> 36
The secret is prepared: ****** 0-9,a-z).
Okay, let's start a game!
Turn 1:
> 000000
Grade: None.
Turn 2:
> 111111
Grade: None.
Turn 3:
> 222222
Grade: None.
Turn 4:
> 333333
Grade: None.
Turn 5:
> 444444
Grade: 1 bull(s) and 5 cow(s).
Turn 6:
> 555555
Grade: None.
Turn 7:
> 666666
Grade: None.
Turn 8:
> 777777
Grade: 1 bull(s) and 5 cow(s).
Turn 9:
> 888888
Grade: None.
Turn 10:
> 999999
Grade: None.
Turn 11:
> aaaaaa
Grade: None.
Turn 12:
> bbbbbb
Grade: None.
Turn 13:
> cccccc
Grade: None.
Turn 14:
> dddddd
Grade: None.
Turn 15:
> eeeeee
Grade: None.
Turn 16:
> ffffff
Grade: 1 bull(s) and 5 cow(s).
Turn 17:
> gggggg
Grade: None.
Turn 18:
> hhhhhh
Grade: None.
Turn 19:
> iiiiii
Grade: None.
Turn 20:
> jjjjjj
Grade: None.
Turn 21:
> kkkkkk
Grade: None.
Turn 22:
> llllll
Grade: None.
Turn 23:
> mmmmmm
Grade: None.
Turn 24:
> nnnnnn
Grade: None.
Turn 25:
> oooooo
Grade: None.
Turn 26:
> pppppp
Grade: None.
Turn 27:
> qqqqqq
Grade: 1 bull(s) and 5 cow(s).
Turn 28:
> rrrrrr
Grade: None.
Turn 29:
> ssssss
Grade: None.
Turn 30:
> tttttt
Grade: None.
Turn 31:
> uuuuuu
Grade: 1 bull(s) and 5 cow(s).
Turn 32:
> vvvvvv
Grade: None.
Turn 33:
> wwwwww
Grade: 1 bull(s) and 5 cow(s).
Turn 34:
> 47fquw
Grade: 2 bull(s) and 4 cow(s).
Turn 35:
> 74fquw
Grade: 2 bull(s) and 4 cow(s).
Turn 36:
> f47quw
Grade: 1 bull(s) and 5 cow(s).
Turn 37:
> 4f7quw
Grade: 1 bull(s) and 5 cow(s).
Turn 38:
> 7f4quw
Grade: 1 bull(s) and 5 cow(s).
Turn 39:
> f74quw
Grade: 1 bull(s) and 5 cow(s).
Turn 40:
> q74fuw
Grade: 6 cow(s).
Turn 41:
> 7q4fuw
Grade: 6 cow(s).
Turn 42:
> 4q7fuw
Grade: 6 cow(s).
Turn 43:
> q47fuw
Grade: 6 cow(s).
Turn 44:
> 74qfuw
Grade: 6 cow(s).
Turn 45:
> 47qfuw
Grade: 6 cow(s).
Turn 46:
> 4fq7uw
Grade: 6 cow(s).
Turn 47:
> f4q7uw
Grade: 6 cow(s).
Turn 48:
> q4f7uw
Grade: 1 bull(s) and 5 cow(s).
Turn 49:
> 4qf7uw
Grade: 1 bull(s) and 5 cow(s).
Turn 50:
> fq47uw
Grade: 6 cow(s).
Turn 51:
> qf47uw
Grade: 6 cow(s).
Turn 52:
> qf74uw
Grade: 6 cow(s).
Turn 53:
> fq74uw
Grade: 6 cow(s).
Turn 54:
> 7qf4uw
Grade: 1 bull(s) and 5 cow(s).
Turn 55:
> q7f4uw
Grade: 1 bull(s) and 5 cow(s).
Turn 56:
> f7q4uw
Grade: 6 cow(s).
Turn 57:
> 7fq4uw
Grade: 6 cow(s).
Turn 58:
> ufq47w
Grade: 6 cow(s).
Turn 59:
> fuq47w
Grade: 1 bull(s) and 5 cow(s).
Turn 60:
> quf47w
Grade: 2 bull(s) and 4 cow(s).
Turn 61:
> uqf47w
Grade: 1 bull(s) and 5 cow(s).
Turn 62:
> fqu47w
Grade: 6 cow(s).
Turn 63:
> qfu47w
Grade: 6 cow(s).
Turn 64:
> 4fuq7w
Grade: 1 bull(s) and 5 cow(s).
Turn 65:
> f4uq7w
Grade: 1 bull(s) and 5 cow(s).
Turn 66:
> u4fq7w
Grade: 2 bull(s) and 4 cow(s).
Turn 67:
> 4ufq7w
Grade: 3 bull(s) and 3 cow(s).
Turn 68:
> fu4q7w
Grade: 2 bull(s) and 4 cow(s).
Turn 69:
> uf4q7w
Grade: 1 bull(s) and 5 cow(s).
Turn 70:
> uq4f7w
Grade: 6 cow(s).
Turn 71:
> qu4f7w
Grade: 1 bull(s) and 5 cow(s).
Turn 72:
> 4uqf7w
Grade: 1 bull(s) and 5 cow(s).
Turn 73:
> u4qf7w
Grade: 6 cow(s).
Turn 74:
> q4uf7w
Grade: 6 cow(s).
Turn 75:
> 4quf7w
Grade: 6 cow(s).
Turn 76:
> 4qfu7w
Grade: 1 bull(s) and 5 cow(s).
Turn 77:
> q4fu7w
Grade: 1 bull(s) and 5 cow(s).
Turn 78:
> f4qu7w
Grade: 6 cow(s).
Turn 79:
> 4fqu7w
Grade: 6 cow(s).
Turn 80:
> qf4u7w
Grade: 6 cow(s).
Turn 81:
> fq4u7w
Grade: 6 cow(s).
Turn 82:
> 7q4ufw
Grade: 6 cow(s).
Turn 83:
> q74ufw
Grade: 6 cow(s).
Turn 84:
> 47qufw
Grade: 6 cow(s).
Turn 85:
> 74qufw
Grade: 6 cow(s).
Turn 86:
> q47ufw
Grade: 6 cow(s).
Turn 87:
> 4q7ufw
Grade: 6 cow(s).
Turn 88:
> uq74fw
Grade: 6 cow(s).
Turn 89:
> qu74fw
Grade: 1 bull(s) and 5 cow(s).
Turn 90:
> 7uq4fw
Grade: 1 bull(s) and 5 cow(s).
Turn 91:
> u7q4fw
Grade: 6 cow(s).
Turn 92:
> q7u4fw
Grade: 6 cow(s).
Turn 93:
> 7qu4fw
Grade: 6 cow(s).
Turn 94:
> 74uqfw
Grade: 1 bull(s) and 5 cow(s).
Turn 95:
> 47uqfw
Grade: 1 bull(s) and 5 cow(s).
Turn 96:
> u74qfw
Grade: 1 bull(s) and 5 cow(s).
Turn 97:
> 7u4qfw
Grade: 2 bull(s) and 4 cow(s).
Turn 98:
> 4u7qfw
Grade: 2 bull(s) and 4 cow(s).
Turn 99:
> u47qfw
Grade: 1 bull(s) and 5 cow(s).
Turn 100:
> u4q7fw
Grade: 6 cow(s).
Turn 101:
> 4uq7fw
Grade: 1 bull(s) and 5 cow(s).
Turn 102:
> qu47fw
Grade: 1 bull(s) and 5 cow(s).
Turn 103:
> uq47fw
Grade: 6 cow(s).
Turn 104:
> 4qu7fw
Grade: 6 cow(s).
Turn 105:
> q4u7fw
Grade: 6 cow(s).
Turn 106:
> f4u7qw
Grade: 6 cow(s).
Turn 107:
> 4fu7qw
Grade: 6 cow(s).
Turn 108:
> uf47qw
Grade: 6 cow(s).
Turn 109:
> fu47qw
Grade: 1 bull(s) and 5 cow(s).
Turn 110:
> 4uf7qw
Grade: 2 bull(s) and 4 cow(s).
Turn 111:
> u4f7qw
Grade: 1 bull(s) and 5 cow(s).
Turn 112:
> 74fuqw
Grade: 1 bull(s) and 5 cow(s).
Turn 113:
> 47fuqw
Grade: 1 bull(s) and 5 cow(s).
Turn 114:
> f74uqw
Grade: 6 cow(s).
Turn 115:
> 7f4uqw
Grade: 6 cow(s).
Turn 116:
> 4f7uqw
Grade: 6 cow(s).
Turn 117:
> f47uqw
Grade: 6 cow(s).
Turn 118:
> fu74qw
Grade: 1 bull(s) and 5 cow(s).
Turn 119:
> uf74qw
Grade: 6 cow(s).
Turn 120:
> 7fu4qw
Grade: 6 cow(s).
Turn 121:
> f7u4qw
Grade: 6 cow(s).
Turn 122:
> u7f4qw
Grade: 1 bull(s) and 5 cow(s).
Turn 123:
> 7uf4qw
Grade: 2 bull(s) and 4 cow(s).
Turn 124:
> 7u4fqw
Grade: 1 bull(s) and 5 cow(s).
Turn 125:
> u74fqw
Grade: 6 cow(s).
Turn 126:
> 47ufqw
Grade: 6 cow(s).
Turn 127:
> 74ufqw
Grade: 6 cow(s).
Turn 128:
> u47fqw
Grade: 6 cow(s).
Turn 129:
> 4u7fqw
Grade: 1 bull(s) and 5 cow(s).
Turn 130:
> qu7f4w
Grade: 2 bull(s) and 4 cow(s).
Turn 131:
> uq7f4w
Grade: 1 bull(s) and 5 cow(s).
Turn 132:
> 7quf4w
Grade: 1 bull(s) and 5 cow(s).
Turn 133:
> q7uf4w
Grade: 1 bull(s) and 5 cow(s).
Turn 134:
> u7qf4w
Grade: 1 bull(s) and 5 cow(s).
Turn 135:
> 7uqf4w
Grade: 2 bull(s) and 4 cow(s).
Turn 136:
> fuq74w
Grade: 2 bull(s) and 4 cow(s).
Turn 137:
> ufq74w
Grade: 1 bull(s) and 5 cow(s).
Turn 138:
> qfu74w
Grade: 1 bull(s) and 5 cow(s).
Turn 139:
> fqu74w
Grade: 1 bull(s) and 5 cow(s).
Turn 140:
> uqf74w
Grade: 2 bull(s) and 4 cow(s).
Turn 141:
> quf74w
Grade: 3 bull(s) and 3 cow(s).
Turn 142:
> q7fu4w
Grade: 2 bull(s) and 4 cow(s).
Turn 143:
> 7qfu4w
Grade: 2 bull(s) and 4 cow(s).
Turn 144:
> fq7u4w
Grade: 1 bull(s) and 5 cow(s).
Turn 145:
> qf7u4w
Grade: 1 bull(s) and 5 cow(s).
Turn 146:
> 7fqu4w
Grade: 1 bull(s) and 5 cow(s).
Turn 147:
> f7qu4w
Grade: 1 bull(s) and 5 cow(s).
Turn 148:
> f7uq4w
Grade: 2 bull(s) and 4 cow(s).
Turn 149:
> 7fuq4w
Grade: 2 bull(s) and 4 cow(s).
Turn 150:
> uf7q4w
Grade: 2 bull(s) and 4 cow(s).
Turn 151:
> fu7q4w
Grade: 3 bull(s) and 3 cow(s).
Turn 152:
> 7ufq4w
Grade: 4 bull(s) and 2 cow(s).
Turn 153:
> u7fq4w
Grade: 3 bull(s) and 3 cow(s).
Turn 154:
> w7fq4u
Grade: 4 bull(s) and 2 cow(s).
Turn 155:
> 7wfq4u
Grade: 3 bull(s) and 3 cow(s).
Turn 156:
> fw7q4u
Grade: 2 bull(s) and 4 cow(s).
Turn 157:
> wf7q4u
Grade: 3 bull(s) and 3 cow(s).
Turn 158:
> 7fwq4u
Grade: 2 bull(s) and 4 cow(s).
Turn 159:
> f7wq4u
Grade: 2 bull(s) and 4 cow(s).
Turn 160:
> q7wf4u
Grade: 1 bull(s) and 5 cow(s).
Turn 161:
> 7qwf4u
Grade: 1 bull(s) and 5 cow(s).
Turn 162:
> wq7f4u
Grade: 2 bull(s) and 4 cow(s).
Turn 163:
> qw7f4u
Grade: 1 bull(s) and 5 cow(s).
Turn 164:
> 7wqf4u
Grade: 1 bull(s) and 5 cow(s).
Turn 165:
> w7qf4u
Grade: 2 bull(s) and 4 cow(s).
Turn 166:
> wfq74u
Grade: 2 bull(s) and 4 cow(s).
Turn 167:
> fwq74u
Grade: 1 bull(s) and 5 cow(s).
Turn 168:
> qwf74u
Grade: 2 bull(s) and 4 cow(s).
Turn 169:
> wqf74u
Grade: 3 bull(s) and 3 cow(s).
Turn 170:
> fqw74u
Grade: 1 bull(s) and 5 cow(s).
Turn 171:
> qfw74u
Grade: 1 bull(s) and 5 cow(s).
Turn 172:
> qf7w4u
Grade: 1 bull(s) and 5 cow(s).
Turn 173:
> fq7w4u
Grade: 1 bull(s) and 5 cow(s).
Turn 174:
> 7qfw4u
Grade: 2 bull(s) and 4 cow(s).
Turn 175:
> q7fw4u
Grade: 2 bull(s) and 4 cow(s).
Turn 176:
> f7qw4u
Grade: 1 bull(s) and 5 cow(s).
Turn 177:
> 7fqw4u
Grade: 1 bull(s) and 5 cow(s).
Turn 178:
> 4fqw7u
Grade: 6 cow(s).
Turn 179:
> f4qw7u
Grade: 6 cow(s).
Turn 180:
> q4fw7u
Grade: 1 bull(s) and 5 cow(s).
Turn 181:
> 4qfw7u
Grade: 1 bull(s) and 5 cow(s).
Turn 182:
> fq4w7u
Grade: 6 cow(s).
Turn 183:
> qf4w7u
Grade: 6 cow(s).
Turn 184:
> wf4q7u
Grade: 2 bull(s) and 4 cow(s).
Turn 185:
> fw4q7u
Grade: 1 bull(s) and 5 cow(s).
Turn 186:
> 4wfq7u
Grade: 2 bull(s) and 4 cow(s).
Turn 187:
> w4fq7u
Grade: 3 bull(s) and 3 cow(s).
Turn 188:
> f4wq7u
Grade: 1 bull(s) and 5 cow(s).
Turn 189:
> 4fwq7u
Grade: 1 bull(s) and 5 cow(s).
Turn 190:
> 4qwf7u
Grade: 6 cow(s).
Turn 191:
> q4wf7u
Grade: 6 cow(s).
Turn 192:
> w4qf7u
Grade: 1 bull(s) and 5 cow(s).
Turn 193:
> 4wqf7u
Grade: 6 cow(s).
Turn 194:
> qw4f7u
Grade: 6 cow(s).
Turn 195:
> wq4f7u
Grade: 1 bull(s) and 5 cow(s).
Turn 196:
> wqf47u
Grade: 2 bull(s) and 4 cow(s).
Turn 197:
> qwf47u
Grade: 1 bull(s) and 5 cow(s).
Turn 198:
> fwq47u
Grade: 6 cow(s).
Turn 199:
> wfq47u
Grade: 1 bull(s) and 5 cow(s).
Turn 200:
> qfw47u
Grade: 6 cow(s).
Turn 201:
> fqw47u
Grade: 6 cow(s).
Turn 202:
> 7qw4fu
Grade: 6 cow(s).
Turn 203:
> q7w4fu
Grade: 6 cow(s).
Turn 204:
> w7q4fu
Grade: 1 bull(s) and 5 cow(s).
Turn 205:
> 7wq4fu
Grade: 6 cow(s).
Turn 206:
> qw74fu
Grade: 6 cow(s).
Turn 207:
> wq74fu
Grade: 1 bull(s) and 5 cow(s).
Turn 208:
> 4q7wfu
Grade: 6 cow(s).
Turn 209:
> q47wfu
Grade: 6 cow(s).
Turn 210:
> 74qwfu
Grade: 6 cow(s).
Turn 211:
> 47qwfu
Grade: 6 cow(s).
Turn 212:
> q74wfu
Grade: 6 cow(s).
Turn 213:
> 7q4wfu
Grade: 6 cow(s).
Turn 214:
> 7w4qfu
Grade: 1 bull(s) and 5 cow(s).
Turn 215:
> w74qfu
Grade: 2 bull(s) and 4 cow(s).
Turn 216:
> 47wqfu
Grade: 1 bull(s) and 5 cow(s).
Turn 217:
> 74wqfu
Grade: 1 bull(s) and 5 cow(s).
Turn 218:
> w47qfu
Grade: 2 bull(s) and 4 cow(s).
Turn 219:
> 4w7qfu
Grade: 1 bull(s) and 5 cow(s).
Turn 220:
> 4wq7fu
Grade: 6 cow(s).
Turn 221:
> w4q7fu
Grade: 1 bull(s) and 5 cow(s).
Turn 222:
> q4w7fu
Grade: 6 cow(s).
Turn 223:
> 4qw7fu
Grade: 6 cow(s).
Turn 224:
> wq47fu
Grade: 1 bull(s) and 5 cow(s).
Turn 225:
> qw47fu
Grade: 6 cow(s).
Turn 226:
> fw47qu
Grade: 6 cow(s).
Turn 227:
> wf47qu
Grade: 1 bull(s) and 5 cow(s).
Turn 228:
> 4fw7qu
Grade: 6 cow(s).
Turn 229:
> f4w7qu
Grade: 6 cow(s).
Turn 230:
> w4f7qu
Grade: 2 bull(s) and 4 cow(s).
Turn 231:
> 4wf7qu
Grade: 1 bull(s) and 5 cow(s).
Turn 232:
> 7wf4qu
Grade: 1 bull(s) and 5 cow(s).
Turn 233:
> w7f4qu
Grade: 2 bull(s) and 4 cow(s).
Turn 234:
> f7w4qu
Grade: 6 cow(s).
Turn 235:
> 7fw4qu
Grade: 6 cow(s).
Turn 236:
> wf74qu
Grade: 1 bull(s) and 5 cow(s).
Turn 237:
> fw74qu
Grade: 6 cow(s).
Turn 238:
> f47wqu
Grade: 6 cow(s).
Turn 239:
> 4f7wqu
Grade: 6 cow(s).
Turn 240:
> 7f4wqu
Grade: 6 cow(s).
Turn 241:
> f74wqu
Grade: 6 cow(s).
Turn 242:
> 47fwqu
Grade: 1 bull(s) and 5 cow(s).
Turn 243:
> 74fwqu
Grade: 1 bull(s) and 5 cow(s).
Turn 244:
> 74wfqu
Grade: 6 cow(s).
Turn 245:
> 47wfqu
Grade: 6 cow(s).
Turn 246:
> w74fqu
Grade: 1 bull(s) and 5 cow(s).
Turn 247:
> 7w4fqu
Grade: 6 cow(s).
Turn 248:
> 4w7fqu
Grade: 6 cow(s).
Turn 249:
> w47fqu
Grade: 1 bull(s) and 5 cow(s).
Turn 250:
> q47fwu
Grade: 6 cow(s).
Turn 251:
> 4q7fwu
Grade: 6 cow(s).
Turn 252:
> 7q4fwu
Grade: 6 cow(s).
Turn 253:
> q74fwu
Grade: 6 cow(s).
Turn 254:
> 47qfwu
Grade: 6 cow(s).
Turn 255:
> 74qfwu
Grade: 6 cow(s).
Turn 256:
> f4q7wu
Grade: 6 cow(s).
Turn 257:
> 4fq7wu
Grade: 6 cow(s).
Turn 258:
> qf47wu
Grade: 6 cow(s).
Turn 259:
> fq47wu
Grade: 6 cow(s).
Turn 260:
> 4qf7wu
Grade: 1 bull(s) and 5 cow(s).
Turn 261:
> q4f7wu
Grade: 1 bull(s) and 5 cow(s).
Turn 262:
> q7f4wu
Grade: 1 bull(s) and 5 cow(s).
Turn 263:
> 7qf4wu
Grade: 1 bull(s) and 5 cow(s).
Turn 264:
> fq74wu
Grade: 6 cow(s).
Turn 265:
> qf74wu
Grade: 6 cow(s).
Turn 266:
> 7fq4wu
Grade: 6 cow(s).
Turn 267:
> f7q4wu
Grade: 6 cow(s).
Turn 268:
> f74qwu
Grade: 1 bull(s) and 5 cow(s).
Turn 269:
> 7f4qwu
Grade: 1 bull(s) and 5 cow(s).
Turn 270:
> 4f7qwu
Grade: 1 bull(s) and 5 cow(s).
Turn 271:
> f47qwu
Grade: 1 bull(s) and 5 cow(s).
Turn 272:
> 74fqwu
Grade: 2 bull(s) and 4 cow(s).
Turn 273:
> 47fqwu
Grade: 2 bull(s) and 4 cow(s).
Turn 274:
> 4ufqw7
Grade: 4 bull(s) and 2 cow(s).
Turn 275:
> u4fqw7
Grade: 3 bull(s) and 3 cow(s).
Turn 276:
> f4uqw7
Grade: 2 bull(s) and 4 cow(s).
Turn 277:
> 4fuqw7
Grade: 2 bull(s) and 4 cow(s).
Turn 278:
> uf4qw7
Grade: 2 bull(s) and 4 cow(s).
Turn 279:
> fu4qw7
Grade: 3 bull(s) and 3 cow(s).
Turn 280:
> qu4fw7
Grade: 2 bull(s) and 4 cow(s).
Turn 281:
> uq4fw7
Grade: 1 bull(s) and 5 cow(s).
Turn 282:
> 4qufw7
Grade: 1 bull(s) and 5 cow(s).
Turn 283:
> q4ufw7
Grade: 1 bull(s) and 5 cow(s).
Turn 284:
> u4qfw7
Grade: 1 bull(s) and 5 cow(s).
Turn 285:
> 4uqfw7
Grade: 2 bull(s) and 4 cow(s).
Turn 286:
> 4fquw7
Grade: 1 bull(s) and 5 cow(s).
Turn 287:
> f4quw7
Grade: 1 bull(s) and 5 cow(s).
Turn 288:
> q4fuw7
Grade: 2 bull(s) and 4 cow(s).
Turn 289:
> 4qfuw7
Grade: 2 bull(s) and 4 cow(s).
Turn 290:
> fq4uw7
Grade: 1 bull(s) and 5 cow(s).
Turn 291:
> qf4uw7
Grade: 1 bull(s) and 5 cow(s).
Turn 292:
> qfu4w7
Grade: 1 bull(s) and 5 cow(s).
Turn 293:
> fqu4w7
Grade: 1 bull(s) and 5 cow(s).
Turn 294:
> uqf4w7
Grade: 2 bull(s) and 4 cow(s).
Turn 295:
> quf4w7
Grade: 3 bull(s) and 3 cow(s).
Turn 296:
> fuq4w7
Grade: 2 bull(s) and 4 cow(s).
Turn 297:
> ufq4w7
Grade: 1 bull(s) and 5 cow(s).
Turn 298:
> wfq4u7
Grade: 2 bull(s) and 4 cow(s).
Turn 299:
> fwq4u7
Grade: 1 bull(s) and 5 cow(s).
Turn 300:
> qwf4u7
Grade: 2 bull(s) and 4 cow(s).
Turn 301:
> wqf4u7
Grade: 3 bull(s) and 3 cow(s).
Turn 302:
> fqw4u7
Grade: 1 bull(s) and 5 cow(s).
Turn 303:
> qfw4u7
Grade: 1 bull(s) and 5 cow(s).
Turn 304:
> 4fwqu7
Grade: 2 bull(s) and 4 cow(s).
Turn 305:
> f4wqu7
Grade: 2 bull(s) and 4 cow(s).
Turn 306:
> w4fqu7
Grade: 4 bull(s) and 2 cow(s).
Turn 307:
> 4wfqu7
Grade: 3 bull(s) and 3 cow(s).
Turn 308:
> fw4qu7
Grade: 2 bull(s) and 4 cow(s).
Turn 309:
> wf4qu7
Grade: 3 bull(s) and 3 cow(s).
Turn 310:
> wq4fu7
Grade: 2 bull(s) and 4 cow(s).
Turn 311:
> qw4fu7
Grade: 1 bull(s) and 5 cow(s).
Turn 312:
> 4wqfu7
Grade: 1 bull(s) and 5 cow(s).
Turn 313:
> w4qfu7
Grade: 2 bull(s) and 4 cow(s).
Turn 314:
> q4wfu7
Grade: 1 bull(s) and 5 cow(s).
Turn 315:
> 4qwfu7
Grade: 1 bull(s) and 5 cow(s).
Turn 316:
> 4qfwu7
Grade: 2 bull(s) and 4 cow(s).
Turn 317:
> q4fwu7
Grade: 2 bull(s) and 4 cow(s).
Turn 318:
> f4qwu7
Grade: 1 bull(s) and 5 cow(s).
Turn 319:
> 4fqwu7
Grade: 1 bull(s) and 5 cow(s).
Turn 320:
> qf4wu7
Grade: 1 bull(s) and 5 cow(s).
Turn 321:
> fq4wu7
Grade: 1 bull(s) and 5 cow(s).
Turn 322:
> uq4wf7
Grade: 1 bull(s) and 5 cow(s).
Turn 323:
> qu4wf7
Grade: 2 bull(s) and 4 cow(s).
Turn 324:
> 4uqwf7
Grade: 2 bull(s) and 4 cow(s).
Turn 325:
> u4qwf7
Grade: 1 bull(s) and 5 cow(s).
Turn 326:
> q4uwf7
Grade: 1 bull(s) and 5 cow(s).
Turn 327:
> 4quwf7
Grade: 1 bull(s) and 5 cow(s).
Turn 328:
> wqu4f7
Grade: 2 bull(s) and 4 cow(s).
Turn 329:
> qwu4f7
Grade: 1 bull(s) and 5 cow(s).
Turn 330:
> uwq4f7
Grade: 1 bull(s) and 5 cow(s).
Turn 331:
> wuq4f7
Grade: 3 bull(s) and 3 cow(s).
Turn 332:
> quw4f7
Grade: 2 bull(s) and 4 cow(s).
Turn 333:
> uqw4f7
Grade: 1 bull(s) and 5 cow(s).
Turn 334:
> u4wqf7
Grade: 2 bull(s) and 4 cow(s).
Turn 335:
> 4uwqf7
Grade: 3 bull(s) and 3 cow(s).
Turn 336:
> wu4qf7
Grade: 4 bull(s) and 2 cow(s).
Turn 337:
> uw4qf7
Grade: 2 bull(s) and 4 cow(s).
Turn 338:
> 4wuqf7
Grade: 2 bull(s) and 4 cow(s).
Turn 339:
> w4uqf7
Grade: 3 bull(s) and 3 cow(s).
Turn 340:
> w4quf7
Grade: 2 bull(s) and 4 cow(s).
Turn 341:
> 4wquf7
Grade: 1 bull(s) and 5 cow(s).
Turn 342:
> qw4uf7
Grade: 1 bull(s) and 5 cow(s).
Turn 343:
> wq4uf7
Grade: 2 bull(s) and 4 cow(s).
Turn 344:
> 4qwuf7
Grade: 1 bull(s) and 5 cow(s).
Turn 345:
> q4wuf7
Grade: 1 bull(s) and 5 cow(s).
Turn 346:
> f4wuq7
Grade: 1 bull(s) and 5 cow(s).
Turn 347:
> 4fwuq7
Grade: 1 bull(s) and 5 cow(s).
Turn 348:
> wf4uq7
Grade: 2 bull(s) and 4 cow(s).
Turn 349:
> fw4uq7
Grade: 1 bull(s) and 5 cow(s).
Turn 350:
> 4wfuq7
Grade: 2 bull(s) and 4 cow(s).
Turn 351:
> w4fuq7
Grade: 3 bull(s) and 3 cow(s).
Turn 352:
> u4fwq7
Grade: 2 bull(s) and 4 cow(s).
Turn 353:
> 4ufwq7
Grade: 3 bull(s) and 3 cow(s).
Turn 354:
> fu4wq7
Grade: 2 bull(s) and 4 cow(s).
Turn 355:
> uf4wq7
Grade: 1 bull(s) and 5 cow(s).
Turn 356:
> 4fuwq7
Grade: 1 bull(s) and 5 cow(s).
Turn 357:
> f4uwq7
Grade: 1 bull(s) and 5 cow(s).
Turn 358:
> fwu4q7
Grade: 1 bull(s) and 5 cow(s).
Turn 359:
> wfu4q7
Grade: 2 bull(s) and 4 cow(s).
Turn 360:
> ufw4q7
Grade: 1 bull(s) and 5 cow(s).
Turn 361:
> fuw4q7
Grade: 2 bull(s) and 4 cow(s).
Turn 362:
> wuf4q7
Grade: 4 bull(s) and 2 cow(s).
Turn 363:
> uwf4q7
Grade: 2 bull(s) and 4 cow(s).
Turn 364:
> uw4fq7
Grade: 1 bull(s) and 5 cow(s).
Turn 365:
> wu4fq7
Grade: 3 bull(s) and 3 cow(s).
Turn 366:
> 4uwfq7
Grade: 2 bull(s) and 4 cow(s).
Turn 367:
> u4wfq7
Grade: 1 bull(s) and 5 cow(s).
Turn 368:
> w4ufq7
Grade: 2 bull(s) and 4 cow(s).
Turn 369:
> 4wufq7
Grade: 1 bull(s) and 5 cow(s).
Turn 370:
> qwuf47
Grade: 2 bull(s) and 4 cow(s).
Turn 371:
> wquf47
Grade: 3 bull(s) and 3 cow(s).
Turn 372:
> uqwf47
Grade: 2 bull(s) and 4 cow(s).
Turn 373:
> quwf47
Grade: 3 bull(s) and 3 cow(s).
Turn 374:
> wuqf47
Grade: 4 bull(s) and 2 cow(s).
Turn 375:
> uwqf47
Grade: 2 bull(s) and 4 cow(s).
Turn 376:
> fwqu47
Grade: 2 bull(s) and 4 cow(s).
Turn 377:
> wfqu47
Grade: 3 bull(s) and 3 cow(s).
Turn 378:
> qfwu47
Grade: 2 bull(s) and 4 cow(s).
Turn 379:
> fqwu47
Grade: 2 bull(s) and 4 cow(s).
Turn 380:
> wqfu47
Grade: 4 bull(s) and 2 cow(s).
Turn 381:
> qwfu47
Grade: 3 bull(s) and 3 cow(s).
Turn 382:
> qufw47
Grade: 4 bull(s) and 2 cow(s).
Turn 383:
> uqfw47
Grade: 3 bull(s) and 3 cow(s).
Turn 384:
> fquw47
Grade: 2 bull(s) and 4 cow(s).
Turn 385:
> qfuw47
Grade: 2 bull(s) and 4 cow(s).
Turn 386:
> ufqw47
Grade: 2 bull(s) and 4 cow(s).
Turn 387:
> fuqw47
Grade: 3 bull(s) and 3 cow(s).
Turn 388:
> fuwq47
Grade: 4 bull(s) and 2 cow(s).
Turn 389:
> ufwq47
Grade: 3 bull(s) and 3 cow(s).
Turn 390:
> wfuq47
Grade: 4 bull(s) and 2 cow(s).
Turn 391:
> fwuq47
Grade: 3 bull(s) and 3 cow(s).
Turn 392:
> uwfq47
Grade: 4 bull(s) and 2 cow(s).
Turn 393:
> wufq47
Grade: 6 bull(s).
Congratulations! You guessed the secret code.
]]></system-out>
  <system-err><![CDATA[]]></system-err>
</testsuite>
